/var/spool/slurmd/job6691470/slurm_script: line 4: activate: No such file or directory
/lustre2/0/wsdarts/datasets/CASIA/
2404113
0001129
2845802
1678720
4047015
1095720
2535228
3346260
2213728
0004955
1534917
0327273
2852906
2711305
3107376
0605224
2258329
0460843
0178886
2335615
0000499
3392344
0005239
0877270
2587849
2359351
1425528
2869419
2781445
1285494
2185462
0713393
3010029
0159106
2162024
1040365
2648858
1922787
0478447
0001953
0005342
2724776
0877430
0796117
0576883
0000365
2338525
0834282
3130829
1799098
3720130
0001538
0347375
1393246
0241173
0919117
3944583
2224118
2527621
0467572
0141931
1788163
0005015
0157612
0146304
1775214
0751102
0991437
1436209
0004710
2808658
0187843
1183205
0311476
0617009
4049948
3755005
2309517
2252934
0154763
2642694
3247166
0587234
0000982
0343980
0115816
1617837
2857778
0005538
0656929
1191794
0000664
0001517
1019674
0174374
2189680
1169495
0196971
3685072
0001851
2426012
1543157
2167817
1991708
3819615
3020763
0171059
0001146
2339785
0728936
1229677
0632383
3821465
0881038
0888559
0953882
0277180
1033060
0445903
0428065
3822892
1070870
1986867
2090395
0817819
0005327
0104205
0199809
0778543
0101228
2513386
0174021
0836176
1851313
0972955
0826691
1265067
0390285
0126023
2554206
1216062
0851582
0471036
0618417
0185104
1319325
0001498
0000268
0439344
0932112
1521007
0922024
0199139
2380515
4794166
0001344
0931437
0937016
1905783
0075666
0745184
0031639
2849965
0511349
1382630
0001542
0004786
0134865
0660854
2459822
5652218
0878768
3152605
2456227
4486486
0287182
1550590
2379195
0245112
0799807
0843182
0293509
0837177
1301070
3927701
0909768
2139763
0675036
1325248
1591496
2390252
1107127
2569832
0001005
1652277
1085698
0409430
4932304
0528761
1641140
0500614
0083348
0019015
2221236
3597090
0000353
0914418
0001019
0687146
0358007
2604120
3950424
1700905
0004802
2322894
0063527
0628542
0164918
0139936
2405238
0724665
3871681
0000510
1179565
2250609
2121541
0771715
0908914
0279209
0326040
1727905
0547827
0468568
0004770
0209397
0004752
0972531
0919361
1187591
3134589
0614220
5903584
0493161
4661932
1468674
0000776
0761389
5077890
0259264
4908437
1603580
0666398
0707214
3075313
0914758
2373963
0334106
0406975
0689185
1277177
2965079
1105254
2019522
2401020
3013806
2924479
0005216
1844114
0655782
3579495
2716180
0605283
0000809
0820452
0003069
2901344
1041023
2909824
2211700
0018161
1967231
0063985
0152970
1769728
1768424
0691597
2698250
2924997
0121966
3499448
0552863
0942792
2275042
1778430
0036107
1614819
0801051
0924075
2273391
0035626
2852933
0655124
3152983
1080974
1119340
0016260
0748973
4480988
0899513
4861659
2425974
1482237
1840475
2550502
0460694
1447035
1812926
2260724
0397171
0857107
0541082
2972478
0063773
0235966
2349292
0514179
0366433
0065493
0909387
0813812
4959070
0003807
0004892
3879977
0507314
3561761
0522909
3092388
2953664
0013065
0611295
1773060
3096614
0600925
0000342
1622954
0960912
1315611
0472308
1553954
0472595
0557567
0773884
0519043
1223326
0363816
0005320
0266611
0385217
0205795
0730662
0005315
0740661
2862532
1866361
2624171
1944865
2542694
0918015
1468403
0001290
0608090
4314368
0356358
0018837
3925368
1832840
0001504
0026364
0000332
1556631
0602902
1728588
0001593
1133284
0391326
5446745
0434444
1587232
0566902
1965791
3994768
1349694
3019017
2238724
0304801
2437267
1137028
2942175
0533832
3147720
0230655
2529758
0386871
0780678
4000704
2526306
2906828
2708846
1794688
0018271
3590487
2439805
0567506
4185974
1436451
0004909
0563105
1954240
0003244
1177914
1128418
3545397
1952831
1553654
1851772
0005266
0934618
1072555
0941777
1416215
0929840
0120528
0001684
1343331
0657822
0005167
0424559
4483476
0000619
0383603
2428218
4132843
1146844
3431242
1248541
1402546
0001787
2940100
0203567
0756830
1711052
0383422
0786641
2093097
1863451
1890981
0762466
0132896
2019677
1452428
4573256
2820035
2321263
0878638
0004797
0004897
5015107
0192997
0628170
0939182
2640900
2493443
0431918
3148464
1228504
0909620
0095478
1977474
2590616
0932078
0493797
1900772
0232198
4297691
2924932
0680846
0682725
3180549
0663177
1078479
2318385
5349303
2104193
2631090
2068458
0495877
0029502
0914475
0000405
0001104
4958201
0384152
1780143
1878999
4156656
1554569
2226472
0005280
2655687
1224290
1732017
0857253
0360910
0002026
0005024
2561940
1854992
4555351
1532807
0692663
0136797
2028579
0000653
2576909
1679014
0001604
3593738
1324090
2388621
0491321
0000868
5583008
1293295
1024677
0607185
0715246
0002365
1126641
0427521
1859543
0769157
1027847
0792888
1764012
0421063
3644280
0190744
0000410
3721715
3272417
0272401
0005492
0773973
1111184
2113991
0004830
0035664
2014390
1827430
0382110
0644406
0569295
1007404
2978540
2415565
0000324
1844052
2682397
0000233
1498784
0853779
0746273
2479589
0614365
3847911
0325715
0004967
3794219
0005272
1951187
2313451
2752134
1152798
0005532
1191866
0213070
1836422
0751517
1396022
0198408
2063018
1909596
3059522
0671886
0148869
0641518
1433105
1738092
2319871
2382004
3345359
1444665
1747013
3728402
0005399
0347342
1952725
1246371
0000108
2340245
1024046
0065059
0307726
1207183
3333138
1166528
2043211
3659465
0106207
0680983
3409535
1568512
3692558
3648839
3404934
1700609
0518715
0117368
1269733
0893257
1041597
2068197
5655015
1616423
1092227
0001743
1792091
2684485
0528203
2235173
3324272
2129812
1649265
3459560
0163803
2148263
1083404
0746714
3982894
2013677
1829558
0452347
0001384
1589316
0403652
0670779
2410851
1502434
0665235
0413765
1083395
2188594
1787884
0710330
0001630
1683805
0816435
0000563
0932454
2044686
1836506
0005533
3453478
2624568
5103952
0955471
0387627
0005703
0000881
0805429
2070868
1374980
1062656
3297698
0701457
0000157
0518312
0006820
0244048
0651451
0688495
0563944
2111515
0362766
3838034
2143034
2216125
3121911
0971155
1126657
2956414
0316933
4271632
4666955
5110983
0330913
0608601
1940459
2637109
5562809
1523478
5306079
0005281
0005580
0001752
0107666
4378215
3211360
0001731
1147702
3469515
0000646
0005219
0017232
0382584
3408254
0000977
1372025
0004853
3089868
0000960
2265977
0002907
0000263
1552976
2799457
1886602
0004540
0648164
1000737
0641944
1312566
3721069
0070115
0000383
0001633
1456763
0765048
1518529
0001778
0552333
0296545
0394286
2796047
3733434
0133566
0299871
2874427
0217461
0542022
2531905
6079503
0653248
0005403
4305463
2995525
4474577
0898609
3050478
3027311
3014305
0675128
0572481
3341618
0340408
1020758
0186225
0895150
0645781
2822895
5256067
0128657
4545833
4893225
0001808
0005227
0387581
0000430
4296890
1156977
2829954
0105588
0108765
1489668
1514936
0376661
3727391
1128390
3785067
5153714
0571728
3378700
1775614
0471258
0302446
1330512
0005392
3018358
1083199
0154833
2524516
0000492
0130860
0001525
1476939
3361199
0525855
0167086
0094894
0620828
2209370
0726200
1923487
0001117
0382956
0001071
0001760
4264614
5197836
1648016
0915762
0001210
0005501
0002150
3378752
2657974
1851640
0737963
0391274
0370892
4083302
0004284
0659711
1947468
2721618
1328559
2318855
0000195
0134244
0327072
1148321
0644043
4004628
0578615
1000000
6304911
2111352
3461570
0039162
2702102
2691205
4076871
4093715
1238747
0166566
2303011
1157358
0216469
0781913
3883399
0702841
0582418
0393558
2921854
0011042
1416498
1770866
1157205
2541974
0782561
3432455
1946193
3797727
0423099
2244284
3210615
1815768
0000675
3019061
5438205
2278431
1779870
3862996
0437088
0004809
2322853
0646351
0919909
0722525
0021112
0880482
0005542
3435139
0175621
0000520
1926948
0004937
2610425
3304503
0835181
1012020
1997596
2091145
3598507
0490980
0495672
1291892
1351042
1395858
2295474
1483196
0553648
1056413
0005207
1304727
0001882
2930119
0302547
0001444
0287757
0001461
1546474
0066586
0662042
2110190
0233027
0922035
0004700
0583600
3408336
2142502
0263625
0715622
0150362
0353673
0416699
0890055
5702934
2598536
0840133
0063440
1676793
0005202
1036787
6252408
0834947
2101375
1998498
0337965
0005134
0625099
0779866
0088502
2106521
1840659
2598733
1911138
2744356
1132594
1913734
1166613
0411569
1840138
2632376
0221046
5445402
0760989
0004820
2512626
2928020
1569067
0001833
0268370
0570860
1045105
2681284
0275277
1115737
0516952
2315507
0000607
0671723
0410622
0005379
3931810
0382920
3489824
0232998
0766005
1210124
2499696
1064086
3987668
0000801
1408216
0270732
2076652
0271988
1148573
3082287
4697554
0427888
3614913
0405103
2040932
0095561
0125475
0076482
0584100
1982266
1958265
0006190
2315139
1182496
0699826
1939267
1142271
0004852
1476924
1738420
1991922
0137856
0004928
2348115
2233157
2557831
3632668
0000105
0328954
0715327
3347140
0601423
0295484
1873204
2017943
2162042
0633042
1161069
0001015
0589474
1133857
3135437
0537648
0784884
0000934
5342419
1123723
2772725
0181288
1929743
0621760
0005172
0005237
1456426
1102406
0999270
2372275
0001365
1419635
1875711
2131865
1682406
5605786
0001472
3260333
0430107
1503383
1601397
0939255
1872447
1344167
1560493
1694302
0612437
0001607
2986449
1285540
0544718
0612734
0325018
0004705
0242656
1152653
0881279
0379066
0853364
5908190
0604430
0732497
1515741
2598323
3068922
0350638
1406333
0219835
2046862
0135895
0741675
3106310
1920143
0400441
0002117
3543122
2062857
1821327
0685277
0168591
0001194
0819079
0036571
2147876
2207150
0329537
0729988
0864332
1549063
0926697
0103038
0486627
0245705
4947229
0211040
2177528
0642368
1787864
1064600
0765392
0335702
2397116
0811967
3480347
0546664
1962531
0005381
1440912
0941473
0624702
0042212
0005041
0461572
2536115
1255793
1648492
0617141
1616668
0401018
1267901
0439781
2598726
0899366
0066877
3867285
1700638
0146536
1735375
1800993
0933687
0040591
2163815
1947618
1026120
1981574
0454730
0005082
0614109
0908700
0306201
0247754
0532829
5092806
6109225
1717682
0147147
2391440
3622236
0189476
0000662
0283568
0000620
0601003
2419161
2440627
0694619
0197638
1940449
4355399
0348347
1886907
0782213
0045298
2489523
2315497
2591890
3529987
0004954
2110418
0703747
0004977
0600877
0001732
2092503
0472710
0693799
0837609
3160546
2425105
1406239
1139130
0437646
2824707
0791968
0443821
0005269
2897314
2242337
3034087
0468957
1905072
0595485
2474864
0001758
1392388
2749602
4161712
1311329
2124927
0000633
0534635
0859821
0004839
0262558
0853375
0685856
0452860
0647634
0001518
2409479
0424588
1617744
0871393
0000703
0566187
2439111
1031279
0222426
4898323
0507814
2377684
1803552
1085051
1631269
0291253
2932967
0922342
0123092
2141112
0812678
1368825
1802022
0329773
0072093
1276442
1325419
3018183
2315281
3624302
2223487
0290632
2615297
2343444
2217370
0812714
2450852
3970180
2253408
0004941
2808844
0722298
0796235
1083151
0124079
0001491
3068246
2003700
0228490
0029391
0001436
1855099
1128387
1962872
0005443
0267009
1232489
1795171
0001880
0094080
3332017
0164540
2618871
0857101
1574663
1500199
1022349
2159829
1921971
1317851
2506476
1002641
0799591
0291881
0629653
0344734
4716572
0669693
5911712
0205789
3284401
1617964
2051922
0080212
0004971
0471381
0736204
2193008
1869788
5949163
1674903
0001735
0111639
3305207
3922289
2064685
1408453
1788143
1589782
0804923
0574131
2316016
0221983
4770772
2445328
2778747
0446298
0545335
0367005
3665937
0107183
1310368
1036527
3525133
1968854
2883943
1206265
2075994
3029344
0512386
0526158
0000689
0001418
3501146
0009127
1443641
0099424
1273940
3193774
2471798
0000391
0371154
0005160
0000793
0000782
3679760
1997480
0502425
0001065
0004266
2106693
1481222
1050671
1900981
0874358
0697044
3892016
1107146
0779292
0287898
0113908
1256602
1846206
2440067
2718826
3958008
1205178
2080363
2467078
2293493
1740248
0132300
0498782
0005522
0604747
0003354
3602977
0729256
0280245
2333849
3385128
0281956
0699037
0005447
1136546
1203673
2215197
0572594
2676609
0071275
0690743
1276562
3031251
4479375
1287636
3331125
0001795
1232808
0655134
1443502
2259079
1009568
0001286
0005441
0193738
2864505
2454294
0000335
1105590
0681782
0509937
3131124
0565250
0000210
0215293
4415900
0005318
0137272
0001858
0958790
0401132
1498025
1879133
2155567
1570873
0195921
2976716
3358233
2921091
0003928
1757551
1058513
0001468
2357283
2840119
2168792
1209966
2103508
0000985
2235318
1489118
0178840
0933281
3129067
0941967
0627681
1264557
0037219
0006610
0005431
0571160
0638412
3289599
0947075
0034309
0627492
0000959
2475341
0310865
0001292
0539759
2502988
0508356
0000284
2070105
1483369
0599727
0909144
1342513
0380980
0171162
2864046
0357816
0000628
0252135
1747518
2521967
1318675
0712908
0445987
1017958
1036340
1138829
1823008
2089090
0593310
0904967
2281085
0542759
0093697
5073287
0038266
3325268
1775177
1495451
0810453
0678816
6031709
1345890
0098268
2279940
1109740
0520234
2490665
0002124
3388503
2415330
1406413
0550929
2215447
2849998
1406387
3183762
0005048
0766697
1270009
2324045
2788234
2190649
1324774
0001356
0802108
0412850
0447337
1494168
0795719
1929663
0560200
0262521
1667150
0409262
0317727
2008890
0000166
1772963
3368222
0940333
3028348
6549862
1502383
0641063
2315600
0733812
0891895
0973974
1993409
0027271
0355632
4398262
2531572
0004887
0022306
2088161
0004889
0887272
0991620
2943468
0035676
1914898
3333545
2079681
2850355
3578998
0004986
2353172
0167859
0254862
0246742
1238555
2210869
2625932
5449559
1519680
0121400
0252230
0000360
3950210
1120734
2118394
0001057
1898126
0019585
0004993
0061777
0429129
3144303
2422305
1240513
1832358
0308219
0424787
0222989
0001287
0892383
0935653
0001773
2845631
5847762
1016334
0001339
0336782
4646781
0415066
0124299
0092258
1467403
0854304
4729433
1959563
5728349
4547592
0726773
0657676
0949918
0657076
1296943
1544217
0006786
0583570
1535594
2024644
0299140
2821403
3535459
0004793
2397349
0039317
0948267
2059117
0253035
0791226
0564580
0001496
3002919
0437654
0672769
4481822
0297578
0901110
2772076
0931046
0509358
0557392
2057569
2045573
0186030
0634984
2458584
3398681
1387067
0717709
1829292
5145425
0429348
0876300
1408543
0614877
0447290
2138080
0935921
2200599
0244011
2078761
0372809
1260969
2507040
0000349
0112094
0387470
2462441
0805789
2467428
4438468
0142206
0270625
1310016
0001642
1036361
0527523
0081540
0714188
0000351
2112939
0005253
4274308
3637755
1729423
1055413
2765695
0002119
2218213
1480744
0494887
4007035
0000387
0152918
2331531
0949292
3341026
0105438
0248676
1872782
1664599
1642639
3356995
2935259
0115760
1316530
0387987
0174966
0671401
5283241
0672205
0001435
0655959
3437115
1270688
3837388
0001416
0000526
0355379
5549723
1279743
0364977
0269616
0198306
0001201
1571044
0004376
0005383
0000531
2319146
1936822
1370269
0612534
0771414
0001641
2444306
2355337
0940990
0001762
1752259
1975871
0005224
0597223
0654468
4903197
2482481
1438612
2195616
0305519
2105766
2298370
1877441
3732465
0000480
2764828
0635106
1951583
2773557
4389000
1142587
1564963
0356994
2838903
0445477
2448905
1094168
0043855
0859394
0160004
1553725
3013578
0711058
1014989
1508859
0526185
1057932
4687936
0550452
0132113
1050780
0294553
3240293
1747034
0001325
0796676
0241121
2284582
0032658
2321477
2124054
0000254
0773603
0050226
0103699
2779544
1496325
0648913
1489850
0885840
1378589
5928307
0928795
1200397
1732403
1078628
2263449
0108897
0203301
0936298
0001492
1552918
2876656
0820048
0425053
0215229
3041648
1980806
1460787
0000373
1666212
0917060
0001838
1066514
0000399
0001767
0004739
4288659
5629608
0001114
1740127
0272899
0004747
0317762
0362799
0920038
0992694
0000534
0615063
1909590
1337350
0000159
0145194
3089930
0925316
2656786
0490707
1058934
0893501
1620783
0278979
0000580
0993242
0869088
1013121
0588777
0263577
0517535
1568234
1406730
1802296
0001266
0005444
3104621
3254466
1847099
3413127
1956106
0067768
0230155
1936317
0004930
0001392
0001557
0525921
1169011
1159702
1636956
0212278
0537941
1394704
0656739
0639754
0755267
0088144
1880054
2984460
0650905
0611979
3279084
0004691
2290876
0234068
2103179
2022518
0050584
0250743
3919369
0201857
0436751
0919616
2566697
2304722
0160644
0001594
0000368
1679478
3148185
1690665
0452963
0005569
0201022
2566469
1683838
0404809
3470753
3868191
0604784
2714046
0828307
0005085
2794212
1556320
0010075
0558244
0196654
0209246
0756089
2973459
0091931
3584006
0055455
4078499
0942247
2246968
1621659
1722914
1034247
5713413
1807923
0365501
2989134
1732318
1356578
0410171
2130040
0424499
0507073
0808902
0358316
5037351
2595625
0345477
1343964
3550939
5694385
0319213
5251016
3842480
0001733
0130437
0000759
0789478
0001605
2676255
1017334
2009056
3265368
2706992
2118666
1393403
1554887
0428963
2007325
1407022
1312563
5801165
1616349
1293885
2040091
0660244
0750037
0184990
2444298
0002064
0000617
2780568
0507852
1595801
0688057
0031976
1280183
5336712
0009918
0973177
0005475
3070255
1346160
0005233
0860947
0004736
1774561
1246047
0786149
0950620
0143261
0001400
0934637
0001250
2978835
0114238
0005079
0807332
2656219
1851028
3683215
0004328
0491259
3146486
0371565
0167342
3347097
0594617
0005299
2046161
0001565
3918709
0654240
0002700
1879386
1893111
0000928
0120349
0320234
2213333
1508590
0592436
0249981
5225691
0281212
4075380
0596404
0056342
0925234
0003353
0897005
0394248
2271520
2281929
2064895
1177440
1667678
0372117
0034733
0956531
1597316
0002105
1107254
4586904
1797322
1967566
0289213
1807755
2466842
0185819
0882277
0684585
2176475
0178870
1869872
3572691
0402137
1670886
0582257
0377281
0515301
0753737
0208704
0001183
0230525
2061375
0001793
3411754
1601297
1157053
0107792
0454955
0005393
1535523
3090922
0004760
0112932
1999350
0124798
2254820
0205127
0343447
3055349
0701512
1122987
2542885
0501435
0363351
1869029
3830119
1867602
0910076
0345740
2358555
1492784
1453439
0007237
0038918
0937748
0267623
3385996
1388690
3655754
0127373
1285227
3733589
0541908
0416872
2484157
0571327
0733196
0887144
0738433
0491768
0593961
2105291
0305083
0573862
1352452
1627699
0564680
1942207
0320547
0194971
0000830
0570364
4554203
1439230
0001324
2331282
0857201
0800939
1473267
1149633
2857804
0094887
2322406
4100053
0000541
0875768
0694336
0340720
1527338
0549815
1668284
5934349
0460912
2319252
0864812
1411676
0255112
1900397
0454809
3935020
0068166
0206691
3597808
1204858
1495175
0636249
5194953
1047883
2195381
0043662
0004943
0084547
1300813
0001714
1476591
2089709
0222881
1430838
1591849
0905157
0807548
0476334
5077481
0814085
0634176
4561627
2800059
0899608
1048128
0765597
1105676
0243380
2202931
2452107
2172930
2060646
0061877
0003981
2665081
1134612
0067367
3045861
0037410
2349726
1816903
1168909
1490835
0001398
0553468
1024568
2980745
0784255
0146178
0479334
0005077
0514879
0270451
0446465
0589182
1139632
1319062
2470854
1817261
0000535
1400994
1265239
3531232
2473819
0123261
0191679
1939016
0888468
2639311
2755731
1224179
1150647
1235550
0728762
1682827
1482510
0228163
0595631
1307265
0735226
0005567
0931329
0230859
1449512
0591651
6039617
0864997
0430005
2811823
1454979
1452302
1904798
2457005
2110810
3103539
0000756
3398631
0001629
1817682
2900948
0153738
0006575
0027572
0000204
0232975
2451490
0004865
1890824
2768652
1566486
0232084
0095746
0832380
4588939
0047265
0004731
2240346
2247245
0221043
0342190
0121026
0264525
2219339
0767443
1927701
1801474
1346956
3609965
2324278
1391172
1708781
0000286
2554999
1859537
0578456
0821836
0662160
0819850
0680603
0001973
0279727
1002978
2731228
0281359
0158632
1658935
1074160
2623902
1505375
0513281
0802248
1855016
0893965
3931192
1015355
2996574
0234668
0044330
1431940
2540339
0929556
0038355
0005362
2751465
0000357
0244709
3361017
1769908
5052472
0999075
1285113
0735467
1242950
0217716
4508994
0083487
4322542
0445291
0005325
2930154
0622496
1561389
3625065
1677074
1026045
1187731
0370782
1534700
0890232
0501837
0873942
1113325
5942362
1237219
4546227
2064412
2633215
2142796
2724148
1970824
0892157
3654217
4401897
0356017
1284939
1782571
1694447
0195311
3863781
0084312
1827548
2907014
3127000
0005145
1137209
0607375
1992190
3016166
1668208
0142286
0724187
0004349
0005009
2664819
0108132
1113895
0124666
1862751
0526749
1636787
3600675
1715231
3635793
2446757
0553556
0054168
0839287
0378161
2998239
0564697
0420738
2028116
1008709
3833514
0942550
4359869
1175468
0607703
2608673
1991503
2023513
1216145
3124028
0001573
0183417
0728579
0000447
0001044
1640086
0378932
0542000
0005313
2728720
3610327
5105498
0404537
1928172
0001696
3688576
0013037
0100068
0100989
0673204
0790057
0735121
0204920
0758574
1056412
2605345
0378200
2506210
4304014
3136962
0806217
0832326
0516804
1152538
0455663
0276312
0001467
2009123
0005448
0302916
0001497
0437032
0860690
2167048
0309129
0770174
2315511
0487609
0357557
0563339
4553772
0001037
0931507
0385639
0605514
2452244
3500398
1782153
6573530
2740967
0281832
0001200
1926337
1715189
1274586
3815306
0000448
0592984
1062852
1867078
0830317
2023672
0342399
0008826
2860844
0768620
5664432
2458152
0334179
3220499
2084991
0189144
0671032
1162439
2434990
1789336
0661917
0005142
0005007
0001634
0289512
0276062
1530860
0680144
1506644
4586797
0001368
1001663
0880367
1987095
1035548
1075644
0278304
0004081
0710829
1460480
0397599
1455681
0005006
2062720
2804503
3227662
2420359
0910472
0000871
1218713
2353430
0347957
0065007
3038155
0174983
3900523
0431520
0004859
5554445
1253211
1555549
1472917
2361932
1120597
0006969
2115111
1455825
0488278
1227579
3034542
1131540
4336694
0000775
5227176
1326778
0579460
1307426
1695365
0933988
2946860
2371735
0633389
0491402
1280538
0597388
0184965
0614165
0364280
1299017
0721593
0436663
0082211
2351252
2544884
1291968
1082477
0611015
1668942
0910055
2454894
2436567
0591373
1835900
0711840
0990547
5544358
2699133
2370628
0780435
2187603
0302956
1967643
2057036
0673497
1009289
0001002
2382037
2022849
1910255
2641518
1725322
2554047
1683380
0001764
0000272
1334869
0678656
3164017
2342402
0878756
0923005
0001564
1676649
4140484
0672997
2454994
1382072
1903153
0091553
1471089
2075851
3912822
0000884
0316743
2628538
0835045
2534377
3220515
0004749
0627973
1040577
2463696
2147715
2421475
0586568
0100792
0724202
1010852
0313462
1676719
0660371
0343325
0002332
0494080
0229301
1169819
1662725
1065229
1477020
2991303
4334838
1633423
0000546
1974694
1565089
0155150
0001048
0498572
2223280
0922263
1169471
1967673
1838070
0279545
0276934
2448361
2578007
0004775
0000413
0364591
0544334
1846132
2089891
3346010
1384332
0559144
2728022
0504762
1784231
1797556
2259632
0576879
0001540
1890784
1125630
2197524
2336135
0440913
3126606
5490181
3182094
0247753
0347149
0001572
0541218
0931146
2092835
0037973
0167139
2092545
0085257
2142336
0942367
0958386
2460100
1742537
3333669
1392188
0400744
1343003
1273227
0491204
0401628
1602660
0001441
1172901
0229694
1036127
2104446
1788146
0005150
5043972
2758491
1312421
1602671
2554469
0542133
1366616
0263759
0320448
0025891
4228422
0005367
2380651
1721054
0012078
0006987
0001716
4523752
5768706
3041467
0787447
2683090
0001233
0535002
0917314
3226241
0416164
6074154
0004806
1566033
0322164
0002253
0593258
2792064
0832569
1446060
0000965
0424035
2554546
0929814
0878152
0000514
0899121
0076328
0497838
2138653
1382563
1536169
0615266
1377375
0001162
0203221
5375322
0373282
1988111
3131306
1290417
0004991
0001261
3251250
2542892
5356118
2960015
0330115
1510184
0868219
0000334
0055733
1745749
0960770
1436471
2088745
0923210
0716347
0005064
0122759
0559994
0714147
0990767
0379596
0923266
0268841
0914134
3450022
2654183
2461627
0626452
0005295
1001478
0001624
0420955
4740006
1420281
0779325
0000225
3637250
0000575
3857608
1753038
0001323
0001026
0813887
2951481
0243806
0266422
0493279
0912910
1942808
3073087
0001459
1365855
6487924
0004306
2648030
0441754
0000597
1146786
0000099
0828906
1567202
1512166
0001524
0836071
2706463
1824654
4131608
2383584
0001165
0125540
2628680
0339011
1474751
0877481
2222515
1742300
0001868
0427963
1104954
3467148
0732803
1410838
3882204
0004814
2043761
0236907
1843026
2466076
1754048
1169490
0105448
0387521
0923560
1435348
2089884
0000598
0752740
0001832
0787238
0000452
1868654
0152035
2564938
1942596
0331516
2524797
1539484
0484457
1724255
0907896
0001166
0802831
2080328
1527573
1192060
0004987
0315041
0322513
1560043
0197354
0552474
0318711
1681512
3425996
5831542
0001669
0457970
0006487
0003067
0309670
0516225
0953778
1767820
0038458
0640323
0819660
3977374
0111232
1200692
0829518
2311683
0005520
0001155
0594898
2103403
0000816
1987272
3837694
1246238
1628079
0916406
0686470
0672303
0859921
0380632
0589926
0676086
1892299
2176072
1821051
2172928
0000420
0426205
0001710
0520579
0379010
0406157
2838283
0792542
1666555
0147825
1212588
2356416
0362873
0358669
2620244
2055234
1902016
2379702
0126284
3554468
2652095
1168724
3045547
0001116
1678063
0838911
0133448
0340973
1058095
0001274
0389965
0175916
0000796
0419889
0512455
1847556
0504642
0236177
0225528
0697604
2656869
0815204
0539332
0534975
0629006
0739013
0002913
3210677
1968605
1659348
0388038
3374198
0005489
0846687
0001004
0626069
1747924
4718905
1985859
0498536
2444042
0273371
3930178
0076167
3508628
0333589
1351496
0605080
1232470
0024622
1567029
1297926
0004805
1520988
0950775
0743768
0369754
2728330
0989182
2517103
0628606
3652842
0957909
2753740
0810619
0462407
0005561
0921979
0191412
0197926
1922788
1661954
1765672
2873822
5249697
0121605
0010338
1433588
0000299
1750737
0467730
0002243
1014726
2222175
0000137
1731629
1967893
2953573
1359370
0498713
1208725
1083271
0933940
1384807
1981893
2569195
0031078
4681522
4304239
3794375
2823310
3954183
0056770
2033115
3798384
1056659
0498247
0067697
1580243
2970551
5586718
0109359
0521507
2284169
0906476
1047343
2079710
0424762
0001736
0004939
0887110
0752109
0424848
0274704
0781218
0126267
1835882
0423418
2649909
0397121
2811177
0108287
1232261
0922724
3663681
0855103
0093589
0477127
0041413
1002633
0070810
0536630
2336967
1679452
0474774
4111426
1897713
0446798
0001092
0222867
0649460
0227867
1634944
3272529
2255288
0784831
1816154
3238628
3080441
0503624
4855952
2742329
3034629
2584203
0506613
1564103
1089685
2123271
3692767
0154632
0679018
1109559
0257821
0808917
4448905
0001869
5498592
0005406
0007002
0515296
0199939
2501633
0196375
0389333
0788218
2916225
1640326
1640384
1144767
0396623
1466205
0900053
2173135
2147284
0161133
1864639
1177170
0909084
1501738
2824966
0000579
0273592
4517623
1913125
4511271
0860791
0005574
0185404
0911542
1235599
2554724
0519871
1944279
2180330
0572650
0929357
0000394
2158763
3096056
2966708
2385988
3480246
0503627
0454433
0004947
1011388
1404408
4298048
1211485
0058581
0170306
1258830
2884369
2958549
0729369
2273331
0182471
1225475
1564087
1941237
0450714
1026272
1662547
3568265
0202835
1049044
0001508
0677882
0119003
0005136
0606690
1537825
0565858
2278522
1675320
4918175
0005022
0266824
4992243
0909391
0032375
0403168
0066972
1260957
1348337
2173711
2490071
2668785
0001574
0951420
0346550
0004133
1235963
2147871
2641080
0001598
3760378
3773347
1319098
0001151
0236202
1138637
2553987
0005241
1507857
0663546
0559069
2772982
0000434
0385032
2225627
1478535
0569458
1382692
1303433
2758963
0001821
0571858
0180182
0524839
3036754
2482697
1722538
3712746
1111968
2680758
0656138
0636354
0006290
3181865
2194746
4321164
0879781
3171360
1952233
0149669
0004724
0946734
1840748
2445621
2063756
1586888
0741299
1411125
1270033
0002396
0001541
5478140
0565366
2215143
0593511
2060229
2004794
4723564
0005188
0931798
0394770
2939490
1075006
0384060
2836885
2070219
0130191
0557733
1128574
1978998
3187320
1669979
2218427
0005139
0483136
0159097
0001110
1375020
3486640
2608689
1039877
2314596
0167546
2439913
1192856
2452802
0532900
0000270
0004984
0005138
1821284
3408718
0852132
0001520
0413832
0422710
1597268
2731219
2554717
0470182
3723214
1295445
1112175
2416359
0948272
1502511
1139258
0493521
2186304
0707983
2215706
5083794
0091775
0606637
2375297
0934136
0005579
0000114
0001038
2318792
2420901
0000512
1306795
1411346
2671397
1063517
2285700
1797856
0478762
1949929
0749570
1049613
1002695
0560962
1672246
1499462
0075762
1654696
1484839
0261678
4500258
0371196
4328139
0000186
0085438
0005292
0225332
0969651
2792716
2765519
0703800
1517834
3037833
0175814
1060258
4733211
3112131
0861361
2540814
0000505
3470692
2374082
0005401
0544104
3087405
0331577
0503059
0579331
1020036
0057368
1723177
0598241
1005233
0235652
2524326
0408284
1134702
0905592
0766837
2091692
2757333
1760272
0184392
5308173
1039977
0005559
1627733
0773932
1638022
0908830
0753839
5681882
3794498
0736579
0484178
0781238
2720736
0001521
1482584
0602844
1379938
0000214
1426686
0935395
0959575
0315974
0853573
0084327
0493257
0172702
0376944
1659661
1336416
0487405
0004965
1872697
2840629
1471425
0001806
0004715
0000705
0364813
0248461
2910281
1123863
1813534
2997484
0005354
2394548
0005102
1935086
1941571
0410413
0534085
2450046
1304386
1736667
2641597
0757855
0000141
2793591
1285162
0000611
3894551
2117181
2379477
1836720
2369292
5327610
1447142
2010431
2018237
0618230
0545474
1640351
3257687
0005173
0101799
0752291
0448311
1084962
6383100
0004867
0000729
0004918
0584482
0039784
0689237
2906935
2771607
2443765
0698346
0556850
2367676
2599534
2099110
2774571
0084370
0000725
4266732
0001410
0309430
0004822
1017524
2389665
1933606
0915865
0688132
1009589
0557859
2255973
0004147
5486964
0152671
0005243
0001488
0281107
0001442
1731786
0327466
2683207
0254395
1922302
2210709
0040653
3981330
1128600
0521143
0001803
1816526
0867330
2475029
0692061
0532683
2281521
1091063
1017719
1778479
0786639
0425543
2368789
0586994
0461149
0795290
0218674
0195982
0441929
1410318
2387795
2023050
2598382
0636280
1529019
0954877
0863231
3018185
0005256
0004745
0922755
2981816
1484270
0018554
0161023
1989961
0350454
0563848
0340067
0502073
2124052
0817980
0553047
0004940
0560806
1799783
1215300
0853231
1945428
0857620
0000678
1066346
3307728
0532531
5657590
2014754
2192632
0920332
1551130
0000459
2161732
0578942
0243231
2325066
0005119
1472010
1663205
1451415
0664499
0680307
0001367
0776376
2381783
1295245
0265668
0002928
0519933
0656335
2490521
0000836
0005449
1061672
0853140
3598310
0519654
0788370
0327779
0367724
2861180
0445180
1715135
0011038
0444223
5875151
1482647
0005307
0576987
3399027
0005485
3409160
0000530
0338529
1147477
0227759
0108819
3397096
2682705
1328999
0001061
0005370
0748852
1161078
0000045
0191044
2900452
0722992
0257969
1160472
2677515
0438241
1528548
0597410
0818331
3725472
0424534
2244745
2265334
2811944
1552919
5208973
3964350
0005118
0034492
4708023
4041235
1930990
4371004
0325221
0319698
0003777
0005558
0366389
1035414
0700856
0926165
1232226
1785209
1775807
1534707
0000327
0566363
0542118
1408707
1197173
0282425
0129248
1036042
0886033
0623993
0737533
2267814
3593112
0260632
0004914
0231425
0933959
0912635
2580573
0304629
0924282
0195164
2757001
0811583
0510947
0034390
0898546
0791868
0079430
0130536
0566084
0773056
2093138
1382356
0001393
0159046
0005305
1074373
0780934
3290049
0372683
0792177
1106960
0551397
2075532
3019109
0004248
2692293
1309437
0278234
0836964
3427195
0037118
0362566
0586236
1522635
2415920
3772243
2583029
0413659
3712799
1717852
0373571
2496744
1822501
0527592
2914452
0005527
0573097
0025483
0808606
2566109
2052793
0242294
1584582
2328628
1736507
3173310
1231867
3687902
0327097
2586351
0001597
2178959
3223614
0116830
1966962
0299050
1449373
0269463
2566110
0553269
0431645
2105255
3096944
0648339
0476906
0797373
0005303
0363665
3586035
2466188
4589825
0004968
1169619
0846328
3560322
3216408
2158803
0000287
1830380
0007163
2278559
0187724
0327020
4476394
1239759
2922672
1972818
0568390
0004884
1920835
3211555
1368695
0126021
2125540
3117780
0940671
1081656
0153112
2554701
1318596
1789970
2325236
2865035
0000188
1042642
4836884
4274281
3876337
1565074
1433799
2289780
0154215
0696059
0933475
3289900
2988609
0370035
2476331
2263115
4585643
0004846
0993507
0150255
0434673
0940851
2063780
2859074
1764103
0239180
1756186
0512934
0358922
1757310
1146612
0004725
4446467
2721207
0104954
2648766
0942482
4203692
1119283
0004095
0000551
1214769
1721862
1989779
1885129
0691925
2218397
2929749
1140666
0794269
0934113
3597775
3109458
0247860
0024521
0039665
0249275
2045364
0628601
0002262
0505971
0722221
0000815
0305081
2875233
0059228
1080067
1211448
0714534
0496945
0146061
0044489
2620636
2316879
0874618
1057047
0000343
0005349
0004990
2362886
1048225
0193639
0032962
0636142
0630100
2967091
4252139
1552256
2601603
0005435
2467657
0445715
0001390
0444786
0002901
0420792
0045461
2715251
0000892
0569079
0366667
4572741
1463426
3036914
1330023
0929330
0517909
4412986
2795739
3715793
0000513
0005484
1864458
1075955
1297015
3903448
0588096
2095375
2635804
0000792
0165651
1997689
1682319
5101061
1894100
2519563
0385320
3666718
1417647
1501050
0001709
0095751
3229685
0370617
0001701
0436442
1382427
0000189
3595501
0244154
0695560
0528331
0519440
1720028
0005430
1963817
0680369
3247564
2427285
0824481
0623811
3413756
2744525
1259103
0002936
1469236
0005245
0000185
3020713
1533685
0490855
1775716
2143237
1343939
5142374
3529629
1812846
2686262
2409723
0054697
2405454
0122439
1685658
0356003
1976925
3491663
0005286
4651833
3949170
1795464
0755603
2431639
2143951
0787680
2027650
0730803
1579990
1443306
1248373
0004936
2999515
2417490
1046097
0316531
0151250
0001529
2438725
0000667
0006684
0706666
1817835
2614264
0148964
0755074
2374841
1882152
0614682
0328828
0751018
1555340
2118133
1187181
1894182
2961993
1398810
1824330
2079733
4668986
0011882
1011812
0817375
1725848
3668917
0703725
1824751
0159789
1100337
0098793
0003071
0002004
1477533
0698707
5613764
1807350
1767162
3285193
0059977
0005275
2440492
2738234
0335242
0736622
2706290
2542896
1968873
1988958
0113998
1795909
2493723
1487670
0000207
0069079
0871240
3802966
0004744
1194672
0393799
1194074
3083571
3355687
1544109
1316819
2128467
1759256
1801266
0936482
0004051
2759933
1712157
2879265
0838002
2244220
3839028
0004657
0582351
0135221
0261555
4342873
2524050
0050959
0181787
0003506
0174403
0217481
1102023
0000477
0858573
1986095
0930317
1789173
0000962
1035682
2199194
0004850
0919369
1340129
2163532
1627748
0385976
2415426
2286991
1980968
0079890
1483743
1380193
4065744
1074374
0030831
0005130
0245988
0261595
2843959
2406194
1970642
1692986
0956603
0025745
0783139
3738662
0396908
0130278
2946893
0527572
0397445
0410347
0005113
2263666
4147558
1625427
1065454
0001978
0005576
0824785
2837894
0750412
0453746
1851471
0522479
0843100
0004286
0009223
3538539
0258402
2794962
0642374
2981724
1837578
0629334
2751807
1667264
0924552
2565613
0023927
0001314
0670408
0746896
0470244
0005541
0151419
0896735
0009190
0005174
1088437
0608440
1543989
1145000
0553796
0766708
0682970
0072715
0333410
2596942
1270095
1057116
1260407
0176384
3095182
3432881
4421617
3649942
1507417
0160553
0182839
1734712
0413263
2298425
5399497
0919256
1023018
2832584
0122703
1664076
2778261
1372823
1122126
0000433
1918312
4461361
1079863
0629855
0005516
0381761
1653291
0663999
2324912
1822410
2800483
0928087
0001082
0438882
2576700
0004922
1531180
0095209
1875749
0001662
1668582
0706883
3205229
3849842
0031162
0002073
1426233
6489352
3665787
0117857
0000606
0000680
0000749
3340508
0899681
0001652
0515116
1483948
0187460
1677807
0494107
2637934
0185354
1541944
1244650
0778741
1084708
0749263
0481418
0587778
1283650
0761078
2466502
5630205
0504897
1576079
2377802
1715144
0454221
3004078
2280351
0220240
2397366
0509425
0005515
3030892
2867712
0913812
0002120
1509081
3377021
0478886
2016364
0922877
2336113
5182593
1676221
0127437
0817844
0688022
2395586
3100933
2657634
3869087
2655690
0001507
0429363
0230693
4306222
1956803
1511891
0248373
0584951
2710034
2851530
3732046
0602117
0005157
1098398
0352374
0005405
2966488
1565066
1429242
4263992
1096977
0005047
0732187
1014366
3470592
0905351
0005347
0671980
1625479
0004900
2267140
1986960
1303492
0410455
0284820
1456912
2003067
0902807
1140300
2795757
2066902
0752699
0192889
0335275
1442561
0426059
0610459
1648680
3034285
0762424
0702809
3078995
0001653
2254914
2097375
0722636
2315274
0251986
1023127
1268158
1138805
1176676
0001298
0622817
3412484
0398994
0371495
1023092
2684278
2788053
0889725
1229204
0002027
0803136
1028530
0066072
2047859
4522267
0000143
0001558
0718646
2948360
0000431
0892340
3458968
0656188
1888098
0112492
0003210
1280053
0005437
1145611
0118568
0000396
0450123
0135589
0878954
0639821
2789267
0144187
0006663
0865949
1732800
2068559
0400606
0001118
4978948
3221454
3319591
3152330
0001640
0001334
0004979
2649203
2730580
0944702
0337020
2337991
0089485
0000948
1107847
0000837
0493903
0470941
0855564
2081900
0692850
0004917
0085400
0991810
0000427
5166378
0243355
0001043
3700767
0005210
1092107
0769311
0669681
2163625
0181687
0004982
2341550
0002041
0220619
2282610
0687443
0006784
0962261
0577908
0197026
2200349
4470846
2088872
0394639
2315828
0341152
2924626
0572442
0569962
2273669
1366882
2319154
1782667
0377034
0202322
0785452
1404034
2317805
6002497
1355324
0325214
1708957
0665822
0004763
0001610
1651231
0001912
0231191
2526497
0674782
3860454
2728442
0022323
0518718
0446819
1024878
2813912
2091163
5097279
0002239
1440298
0443824
1510113
1071252
0001103
0004925
0004895
0809049
3966682
2277748
0142972
0116232
0910692
2692138
1517306
0934563
0283299
4097366
0002006
0002944
2419686
1599769
0009716
1351987
0605541
1574234
0117339
0733263
1428355
1047143
0005468
2451535
0922927
0643679
0407615
0620232
1073992
0020751
3056569
2378840
0394834
2063811
0005551
0661703
0000397
0541902
1377561
2443745
0200702
0206359
0531788
0091136
1005514
0001022
1795989
2066164
1055396
0454236
2999419
1296597
0100866
2728724
0001638
0831557
0180515
0796864
1981931
0334561
3083350
0000980
1999528
2427078
0000301
1138880
0132257
0134922
1197466
1106793
0598569
0324556
0708381
2337445
1892513
2400045
2959880
2885819
3058260
0045337
1750226
0220735
0000356
3449553
0295103
0369513
0529328
0786417
0001231
4773573
2464456
0432753
0001741
1101381
0408309
2504006
0342970
2598903
0876805
1782299
0667073
4089170
0615557
1111656
1548757
4282631
0000310
0432380
0427714
0463351
0006713
4129745
0867240
0001873
0004834
0480798
0000262
0261805
0059215
2572220
0756114
5693349
0010172
1395602
0000589
2222264
0682063
1404825
0066664
3019764
4137140
2436905
0607175
3808021
0470323
2811073
2205655
0005496
0263761
0639782
0427489
2244205
0532235
2024927
1130627
4391099
2488331
2290478
1034965
0935663
0852965
0195439
1714914
2077159
0000464
1190360
2301950
0543383
3188420
2441237
0535638
0001763
2599414
0651067
0933727
3316483
1566474
0810488
5734180
0346886
2325018
0002091
0001277
0086883
0004966
0564350
0648249
1172764
0103797
0005180
3638582
2403277
0211726
2152695
2551131
5569034
0004825
0119354
1267261
0852668
1247855
2523880
2882072
0446672
3185369
2269032
0166505
1574624
1331743
0193631
0679690
0722631
2427168
1218835
0584297
1478996
1204778
0565582
2498781
0840391
0996651
1221178
0719606
0368689
1947834
0005412
0690642
0278673
0894599
2753160
0001857
1116914
0921031
0419366
0180984
1880290
3072243
1111200
3072221
0514076
2358356
0179173
0003082
1532078
1934618
0122886
0020248
2772468
0677167
0046829
0291711
0947338
0993669
0005094
5274598
0005114
1065316
0227282
0283147
5559534
1675091
1342841
0742146
1026237
1034414
2357750
6353801
0034305
0488662
2348805
0291785
0003563
1857233
0002033
0114177
0611673
0281575
2347006
0333982
2859894
3011272
5100367
0638824
0158147
1294698
1552693
3746525
3341101
1832801
1018990
0951133
0000461
0807351
0000100
0571636
0722629
0826992
0409831
1954519
1227232
0424060
6188016
1204652
1358569
0713389
1671501
2966255
1035174
0301959
0005288
0005208
0159507
0799433
3135911
2855957
1549341
1534182
0734442
0887355
0002122
2416875
1317656
1101127
1451091
1955206
0568180
1589004
0024227
1622615
0940173
2029684
0050737
0256121
1367450
1026223
0004785
0642145
0243233
0726630
0842081
2948685
1480747
0447695
0788340
4348533
0257188
0470981
1727317
2294576
0599215
0931656
2161815
0574197
1468333
0478518
2362659
0197647
2835841
3100332
0001083
4877258
1859539
2005379
2480943
0377336
0581810
0492924
0625075
1715275
3418975
1214463
1468756
0340522
0915637
0933896
2143966
1098493
2124003
1881021
0405281
0001601
0461746
1320997
0809613
1635108
0836343
5675606
1640279
4803105
1947581
0630088
2066104
5052065
1995091
2367823
2099806
1759326
0780822
0051397
1013044
2936228
3374941
0001029
0001332
1769806
0486728
0931291
1106304
1157048
1533796
1303956
2247687
1176867
3702531
0345573
2338599
1101713
1187340
0005553
0188027
0144377
2270441
4644635
4221139
3224117
1340768
0000539
0000451
1375330
0005073
1605108
1631098
0562674
3956954
0461355
3391119
1732262
0514228
1422176
2600074
5373057
0915458
0146915
0493096
2012029
3226899
0647698
0001848
1296984
0599889
0004988
0830373
0002743
1451059
0241049
2408298
2301323
0005211
3047888
0741242
0821817
0172558
0519456
0700712
4690180
1248730
1577190
0418339
1933128
0536461
1712094
1214605
2351500
0003289
0629697
0131647
0445992
2642953
0056041
0751638
0506991
1587813
1479027
3278954
0005195
0289200
0001312
2171406
0494774
0292719
0281068
2394794
2277525
1457472
0703363
1213386
1456320
0082169
0954253
1062634
5625014
6293841
2987649
2816104
0260300
3164196
2859825
2171153
1360517
2054268
2502700
3236159
0005278
5592004
1391406
0029400
0324790
2202725
1972622
0408081
1186883
0219430
0588712
0000192
3069114
1838568
0831979
0770031
5037999
2172531
0911431
0851621
0736263
0061262
2169417
0095106
0462387
0413656
0859432
0935047
2666784
1685160
0006246
2538904
2701112
3986145
4915385
3592338
0485023
0000751
0901734
0092961
0287266
3188373
2554352
2179873
1143151
0417520
1702331
2720731
0117826
1020877
1627969
1164730
0002916
0683253
2174090
1717570
0362429
0419650
0005371
1274907
0795517
4480973
0175305
1863227
0206176
3014081
1662644
0589114
1066197
0731346
2624819
1467976
0019133
0001218
1460227
2705965
0001389
0000777
2404921
0000133
0368557
2773091
1514499
1976603
0954891
0477209
2218190
0640488
1402837
1699451
4103692
0236043
0819908
1591869
3492983
0169934
0571964
0513010
0001353
0525659
1975628
1494536
0456320
1883440
0733427
0868893
0071922
1827469
0493311
0933156
0794896
3385431
2612741
0273946
3075157
0950935
0276490
2602672
0606924
0582811
0566572
1466221
0000709
1614968
0453304
1908554
0855039
0004898
0950220
0560364
1342727
0797869
2258148
0243952
3095739
1594404
2753068
0763928
0930286
3030668
0749081
0271501
2366374
0359144
0155277
0068042
0639200
1556504
0005086
0799777
0359396
2070336
1058987
3056623
1058940
0482290
0654295
1666948
0539616
0838360
0000521
1475594
1783154
2875873
2376318
3862031
2066764
0864308
1743023
2410133
0000362
0727997
1377431
1763049
0906031
3343487
0000610
1289434
0004886
0005598
2395801
2313103
2098473
0916617
0874086
0650751
0510731
0461712
3862073
0644870
2628258
1032208
1126156
0337042
2946516
0005203
0001697
2067953
0911056
0961436
0903901
2633535
0740535
0924684
3299616
0001063
0089141
0237222
1308076
1135423
0695497
1837970
1724687
2772986
2331053
0531095
2336905
0341176
0569226
2360815
0005314
2315175
3622222
1311821
3889070
1143816
0081817
2340362
1598366
0384069
0209289
0000280
1667364
0413168
0001776
0299028
2386484
1352774
1113550
2553510
1376997
0879085
0000471
2086223
4342178
2812331
1560236
0224007
0176801
2395704
0230130
0710271
0114175
0807501
1640124
1799058
0643806
2314579
0517867
1736524
2796058
4152547
1261997
3511864
1367997
0101152
2442372
3725482
1275916
0047999
1081406
0480111
2631015
2864800
0005264
4122314
1412809
2466261
2018573
0387826
0355910
1226421
0524197
2650700
1021774
1239766
2751101
0458514
2225369
0136572
3394509
1706076
1915412
1127901
1125745
0163806
1868149
0245176
0005012
1694548
0242882
0994275
1911958
1412086
1343638
1458584
2938943
2275298
3269734
2833699
0153559
0974348
0213450
3209529
0004109
0829390
1443610
2014237
0005388
2588606
0203508
0551003
1437902
0731426
1701136
0005378
2923560
2408572
2414878
1965867
1935905
0401264
0335494
0932992
0515225
0521052
3560768
1239827
1004211
1664542
1368796
0114256
0338381
0005502
2055501
0005335
1177213
0949424
0005177
1346230
0143604
2373966
1397297
0113156
0676370
0313232
0517638
1278926
4181758
0007063
0267812
4363050
1218607
1696205
0004294
0426432
4193003
0224703
0576662
1036050
4270462
3589472
0138440
0573037
2555665
0885090
0171513
3195032
0971133
0336620
4109220
1576004
2692301
0854702
0004808
2126645
2315743
0001440
0001154
1821102
1214435
0406939
1343933
0001515
0174819
0824741
2832695
0750019
1342461
0925220
0516266
1450183
2006231
3331486
0000318
0772045
1154719
2202521
0449656
2524048
2792296
0314514
0883195
4857044
2554080
0726360
0656549
5202053
0936198
0570771
0349947
0507097
0000933
0170541
1831976
0001608
3920288
0128655
2700032
3583022
0484460
0675114
5803970
0000593
0005436
1669273
2259929
0005254
0575216
1279354
1482999
3052331
0001307
2240116
0088298
0043807
0005316
0234928
0001770
0343472
0942901
0670340
0495201
2710528
0000465
1996260
1429102
2554052
4416000
3265065
1583266
2555249
1020124
4317522
0827561
2833048
0282648
0448486
0074794
1211523
0416390
3206118
0000212
1192319
0051104
0608012
4356874
0000364
0004456
0798779
2782848
2377000
2576494
0915814
2037888
0052446
4708943
0341743
0229422
4976467
2672860
0614249
1483372
0696387
1292973
0781981
0424216
0000319
1324246
3239653
2144529
0004728
0935664
2823130
0711118
1405398
1737500
1627901
0859434
2814621
0346866
1218487
3912429
1578066
2357516
2104370
2113653
3918035
2598931
2149213
2691819
0005011
0001661
1822659
0001035
3080885
0281945
0804805
0312077
0390236
2551311
0787307
0936493
5997749
0373811
0836548
1473159
0261170
0718680
0002217
0003577
3311695
3843467
0750468
0024404
1354209
0007363
4391932
0834960
1435181
0082526
0825805
0800328
0001378
0000506
2820859
0004426
0915989
0108224
5293695
1117791
3158974
0542603
0930397
0277213
1133714
1024868
0743501
0092026
2773139
2336481
4565194
2490653
1330276
0232278
1765073
5444355
1836666
0215502
2015599
0262125
0361002
0858643
0723415
0617622
2368981
0453091
1035477
1877460
0520461
0272474
0001403
0926615
1722962
0403937
0005575
0158856
3626493
1070820
2261082
3950623
0822571
0933092
0752407
0408550
1140817
0771493
2883645
0727810
0005351
0001877
1655038
0924015
2405171
3103226
2996220
1565817
0005087
0741893
0115161
0091035
1013003
0000386
0000297
0253708
0925033
1433900
0005120
1041074
1743205
0001364
0002436
0258200
2035886
1197462
0548335
0217936
0000436
0006712
0030714
0506699
0232852
2503064
0808022
0010956
1183149
0659763
0719398
0278752
1087375
0118427
0456186
1966407
3568326
1405912
1722382
0241870
0394014
2056203
1538095
1065664
1905054
0539651
0001567
0005445
0624900
0000388
0000583
0168850
4478211
1736769
0262026
1962017
2257268
0002871
0252728
3981496
3303116
1048035
0262465
0004969
0001282
0497891
3208214
0001723
2345200
0221902
1128099
0234014
0868514
0749104
4097598
1948247
1012029
0499791
3730744
0830652
0819851
0314554
1317082
5553911
2621983
1000853
0001713
2591884
1213456
2342308
1998942
4266506
0267512
0818454
1745736
0005045
0573275
0564277
1983862
0744193
0700443
0626259
1833525
0103307
1302591
2023425
0583856
2224434
4936479
0539414
0815800
3117836
0000600
1865090
1249826
1347765
0750353
1801800
1057812
0101880
1008191
1787651
1259980
2863376
0017524
0523590
1211525
0197405
1408274
1616991
1473176
0202184
2418343
1622151
2107837
4366054
0407033
0005101
1372357
2033210
2181131
0345587
0803896
0131564
0005350
1446962
1568881
3797410
2845951
1404239
0735440
2942548
0000588
1950031
0137365
6305385
0001622
4448255
0795576
0567031
3116983
0798076
1757373
0177846
0005182
0465285
1728092
1838655
0322002
0001153
3807193
1694808
3347587
0001952
0160621
0001590
1633541
0158846
1329780
1457826
1745775
5223413
0005112
0217645
2711342
0795407
0312454
0105471
0636946
0905993
1085951
0372958
0003072
0280396
0002090
0237910
0001632
0056187
0936690
3649055
0005508
5604363
6317420
0912938
0001748
1557314
0856387
2347178
2294895
3682083
0680645
0629634
4883718
0374865
1460812
1085727
0000614
0435942
0150457
3978642
0169753
1587188
0006035
0664238
1352485
1119858
0381416
2150555
3073947
2468074
0005261
0000107
1113529
1383977
0817353
0002546
1766243
5261198
3237775
0996669
3103457
1051350
1468739
0000889
0086703
3788418
0304872
0626040
0316455
0067709
1219010
0236564
1401995
0144180
0004771
1724323
3485229
0223315
0001377
0224616
1491631
0498076
0059382
3257161
0004623
0132709
1944193
2301775
5666714
0005093
2459667
0725434
1002662
3400330
2417786
0874232
1260045
0884852
1153175
0002653
0000249
1393354
1880888
0941966
0189488
1115893
0001147
1045865
0095745
0000495
1316767
1882929
1395158
4552582
1053966
0110317
0484626
0360598
3108800
0643050
0170550
3333977
1500658
1617132
0003888
0219748
4198135
1245547
3079570
1242688
2357821
0507006
0440860
0307600
0309461
2566554
0151540
1775404
0150330
0001370
0629538
1067787
1380606
0842770
1579753
1160809
2796989
4941095
0625699
0707795
1548702
0003457
1388927
0346433
0324134
0170422
1524098
2803307
0923736
0628120
3396631
0347797
0711559
0001879
1479002
2444107
0396924
3862423
0249427
0778642
0004994
0888022
0005339
0410893
3042854
2591727
0716106
2045884
0322416
0565980
1473013
0799778
2909628
3405146
0124579
0000599
2106637
0703946
4263802
1419839
2485073
0242026
0631021
0946481
2256017
3986726
1154152
2116769
0608856
2160056
0197453
0918021
2789135
0155093
0223213
0917848
3515425
1906730
1066970
2062691
0160840
3024712
0302330
0000997
2899476
1973422
2965271
0001317
0610298
1525114
0003941
1775466
3007480
0565596
0741528
0495095
0898199
2287478
0153855
1483984
0046730
0004875
3042046
3137953
0199215
0117009
1060641
0364583
0383213
3141312
2554204
2322192
1010931
2563594
0449466
4596402
0164929
1910485
0832078
1291974
3441152
1987276
0005352
1131557
0005128
1943692
1218179
3331263
3312554
0000981
2340558
0858776
0973648
2714295
1944254
1249256
1912766
0746125
0222643
3471005
0304599
1564327
1682433
1418068
0123741
2154519
0137594
2325393
3004904
0005124
0229930
1036691
0227003
0573618
1018844
0000672
1577253
1676341
1284632
2138994
2100286
0215487
0681504
0000256
2091462
0912966
1697112
0000467
0742891
2782855
0539082
0000494
0780499
3176007
0005067
0000696
2451514
0623309
0753526
1102577
0693090
4477072
0564215
0610831
1517976
2284889
0000119
0778901
2494015
1651094
1386645
1739873
1119715
0005127
0140969
0002191
0001602
0832906
0275417
2257755
0291404
0897583
0318821
0057882
2865562
0000582
2082304
0574870
1663772
0503567
0599719
3008065
0518321
4137167
0890809
0526616
1477301
0838374
2892755
1027468
0000874
1820866
2907225
0788234
2610960
0005078
1920049
0213339
2175573
1182048
1141083
0744776
2005998
0001785
0549538
0427358
0892489
0005123
1367842
2860645
0001698
0001824
1846274
1312338
1963860
1157149
2647420
2745420
6152976
5230942
3073428
0657760
0004923
0906048
3470973
0997689
0708338
0365596
1927425
0222922
3374849
0776090
2259543
0059698
1128592
1217506
2874397
0000956
0659544
2047955
1404462
2314705
3181675
0272581
0148418
1925563
0206760
2197715
1751474
3446691
0435509
0000515
0651086
0624468
0000679
1683053
2654383
1937183
0288976
3241429
1444615
0000402
2116419
0399494
1626327
2650334
2484469
0538002
0004868
3515754
0549526
2740316
0001554
1617685
2003229
4449941
1046829
5621307
2391842
2491463
0298807
0911320
0200905
1018581
5117177
1738059
1087430
2915838
3028129
1100839
0286975
1152785
0799001
0652089
2161450
1424837
0538308
0846548
0359089
0000102
0573354
3324753
2341870
3784252
0652619
0199842
0005497
2729847
4168892
0308208
3181362
2583626
0623604
0001834
0923529
1305056
0005125
4090878
2822103
0880813
1731701
0907708
0005020
1974397
0175262
1504572
2084473
0000876
4678782
0647744
0005389
4701008
0210925
2452098
5398610
4765240
2908215
3628699
1289484
0493159
0732703
0006439
2921651
2973326
3058533
1508526
2835199
0931324
3908990
0003931
2019352
2090377
1029357
1182955
2608518
0484541
1335291
0176175
1467289
1497330
2173080
1341624
3834158
0648920
1268047
0050156
0671567
2295051
2358105
0713378
1526673
0891863
2656174
1216253
4681922
0001837
0122428
0616091
1640523
3315161
0579953
0905935
0065890
4377242
2592675
1503432
0646241
2765193
0914848
2305429
2903909
5360404
0001836
0766120
0940362
1247407
3175099
0370085
0001993
0263881
0361306
1435830
1641117
2210947
2251716
0792679
1915955
0313534
2257466
0376540
0589077
0171206
1965525
0005171
1417905
2684011
0022198
0742165
0162233
2779142
0005206
1746402
4519587
1464837
1343864
1445490
1296121
1335769
0792156
1524440
3072911
1399998
2632625
1822951
0000968
0001309
0000708
1975228
2253518
0281167
1443527
0006878
0001494
0004743
0859450
3079593
3650004
1023097
2344263
1497548
1985495
3441675
2212558
1021417
1888211
3845763
0619762
0186728
0149950
0004959
0898369
0304580
2167128
0873699
1269983
2359285
0500359
1824575
0549629
1983393
1015684
2342614
3217416
2998948
2654199
1796520
0958597
0068260
2642130
1097364
0007210
0456124
1289351
5725655
2957696
0199920
1752714
0920274
1663466
0027094
1186736
0744834
1861624
0906000
0157312
1113157
0644897
0688624
2199801
0267511
0182455
1650044
0531595
3610078
3038454
0477129
2251731
2555010
0001839
0004904
1064823
0004827
2999543
0011348
1980107
2518732
2798112
2969725
0603321
0552509
0716257
1011209
2073546
0176921
1476805
0001062
1950086
4990126
0488832
2264610
1165044
0700206
0000624
1253636
0000711
0222336
0650525
0817780
2698856
0006121
0743796
0289142
2254074
4476068
3254521
0361398
1202961
0076886
3918236
2999417
0240629
0328751
4004412
1157175
2306491
0005192
0726584
0207218
2420725
1097515
0276253
0922995
0972851
0153779
2210037
2269943
1305928
0001272
3875284
2676147
1792514
0398427
0001599
0001097
1425155
2616747
0658252
0394012
0395228
0123488
2405364
2194827
4535029
0001407
2519517
1634832
0756083
3664340
0396558
2603679
1038193
1446779
0000547
2200553
2959267
0036197
0805298
0200005
2206574
1551922
0001348
3344404
2210588
0935721
1218621
0639928
0000381
0831479
0337773
0000991
0611889
4831148
0747405
0004933
2633241
3588361
0958430
0706716
1032034
1773454
2942806
3180390
0298221
1192254
1021408
0674101
0365445
1197237
0489436
0322407
0947166
0004371
3496251
2998321
0000655
0415382
4415201
2062561
0527852
2697884
0810620
3602819
0299122
0607516
0725702
0001595
0028220
1121943
0005246
4582999
0124208
0376602
1508389
2687941
1628057
2303132
0588340
1967109
1301904
3275500
0080049
2573224
2529627
0585034
0028783
3762213
0289716
0406012
1057009
1221622
3984772
0304830
1826889
3311731
0408336
3932834
0765897
4296357
3053338
2393636
0016589
1740122
0501399
0001068
2315616
3495777
1165660
1263939
0289080
0000630
0308606
0226312
0153002
2413197
1229940
2026536
4570220
0310116
0143295
0005420
0545165
0267902
0097467
0309307
0262968
2666566
2942070
2157624
2415785
0195672
1521209
4626694
0703831
1799768
0996198
0870794
0531772
0414458
0000344
2218841
1354955
2686844
0601602
0001172
0910607
0005466
0004539
1615486
0357742
2940434
0458080
2367311
0024511
0507535
1682495
0289344
1380166
3792872
0035060
0580351
1221047
0001319
0138840
6121003
0724116
1458974
2340533
0637748
1501624
0698977
1390106
1318660
3485845
0679410
0852510
2513388
0005263
0235427
1025329
0763590
1708243
2288618
0339304
0249291
0206181
0000996
2396859
1570568
0157342
0698251
4194830
0246686
4125561
0004787
3995646
1390233
0188687
0166921
1728680
1408015
0190780
3735092
4161982
0005457
1702764
0952657
2255441
3940524
5513628
0174910
1417574
2654863
0240380
4487976
0817339
2197708
2803689
0387432
5191227
2096077
0469671
0001039
0001347
4997946
1412171
0761052
5052211
0829997
2110485
0000944
0001404
0005359
0004957
1822183
1333379
0674231
0071304
0245596
3090905
0610669
0473204
0363699
1059359
0001199
0262635
0316805
3611879
0054950
0000208
1043501
0226597
1009277
0397432
0551358
0000484
0888882
2235721
0302108
1265337
2610277
0033509
2752988
1754366
4074525
0001631
1630992
3010926
0004810
0828226
0389069
0507381
3077700
2978873
2829737
0429402
3946231
1168980
0006473
1538997
0121404
0000183
3192886
2094577
3240202
3232025
5153308
0289656
3402180
0000411
0810379
0003779
0015196
0087799
1178856
0407704
3216273
1314546
0744030
0068551
4459426
2720794
0551764
0848286
0621788
0451148
0000529
0541932
0021627
1506663
0414396
1667407
0820847
0261435
2452128
0000331
1471036
0733185
2555034
0002657
1817240
0524331
3292846
1923972
0473802
2217184
1761573
2239431
0267659
1190513
0004692
0893620
1456970
1218757
1237494
1147043
3096939
1760388
2000954
1125938
2795748
0458951
0494058
1900782
2942487
1450016
0000281
0861600
0497794
1102891
1357620
0000415
1377577
0001844
2371196
0641816
0637518
1139343
0000483
1978325
0004981
2736280
0005531
0001143
0000916
0169998
2604932
1183986
0242617
0004844
1760520
2127038
3138464
1980323
1716662
1097351
1254704
2539953
2307829
0860419
0925045
2298331
0943180
4178979
0060029
1761677
0752656
1065012
0547584
0000462
0026285
2094313
0729557
1216008
4876284
3453476
0000220
2194121
1546300
0689187
0526019
1186061
1104232
0300712
0570912
0881131
5937337
0683379
2568364
0648486
0172566
1190087
3470283
0279896
0429274
0914424
1144187
0519389
1009333
0135245
0030136
0068678
2542765
0631413
0257343
1537949
0150707
0994509
2394430
1013338
0794609
1563736
2109145
0005072
2743989
0544611
2235400
2080051
0918078
2226677
2411947
0448204
1053523
1731694
2744342
0755974
0794687
2928029
0396812
0336271
0001617
3994408
1505955
3009232
1245495
0001841
1092540
4638404
2645189
2886599
1443450
1885160
2169537
1545471
5743918
0807831
1470159
0400117
2327397
0112001
1211407
1676626
3094377
2022000
0613147
0669656
0082450
2015692
2797283
1591928
1605049
3747914
1594380
2131971
2560043
2185570
0002325
1414931
1172478
0180411
4790982
0339877
1387055
0001796
0319171
0002065
0890355
3237887
0841910
1546206
2834669
3891645
0700577
2571007
2955013
2240326
0643805
2913275
0001530
0055097
2394154
5786096
0784818
0911614
1221863
1785054
0298104
0193041
1485342
0510168
1525807
3241167
1275259
2141059
0517642
1676223
0002015
0954036
1865727
3729721
3078932
1416330
1156709
0224565
2047708
0571188
0001738
2454067
0143309
0191747
2823014
1631397
0241222
0862328
0014582
1067251
1058197
0691205
0144195
5242830
1861526
0217388
1506581
0002076
0100785
2973513
2877485
0001550
2189338
0721332
1008015
2100081
2573263
2265157
1178100
1199888
0106549
0453115
3411192
2838320
0662519
1988575
0003633
0488953
2367720
0715529
1709097
0087109
1705502
0005452
0083300
0482941
0850234
1399051
2937132
3615106
0949744
2055855
2788832
0001217
1633876
3062625
1240556
0004790
0949350
1024093
5587543
1919229
2616776
1679778
0107748
3187851
1462915
1164725
3180325
2358540
3882632
0822982
2785693
0046112
0571106
2924903
0390903
0005524
0449070
0051930
2788999
0598413
2520212
0005025
1442113
0429886
0121559
0694309
2674119
2719825
1446379
1675949
2655177
0609114
2527586
0000174
3303074
1429471
0000374
3940602
0303073
2957438
1265461
3020898
2642131
1107001
0004740
0774386
5104893
0058372
0001720
1420224
1890655
0818166
0604563
0876645
1294664
3127051
0593463
0004804
1128572
4256099
0053230
3244135
0709620
1071784
0085860
0000463
1395581
0000570
0737318
0912962
2524200
2437382
3231002
0001951
0696169
1009390
3341483
0698998
3896677
3857893
1743191
0860749
0254402
5243044
0111013
0012523
3858115
2955947
0005236
0511957
0001101
1544100
1365912
0435323
2106423
2070427
2369021
1128780
0940422
0001621
1710309
0032741
0902279
3069557
0001729
1429966
2384847
1273864
0373600
0015382
0005408
0000177
1999505
1648391
2171105
0944688
0399239
1863652
2803896
0392237
0219292
1083389
0242753
2795679
0000623
0873998
0895083
1366703
2069988
0676856
0001568
4588024
1955540
2654999
1029957
0582149
0000302
2608066
0001742
5559738
1322469
0173536
1502382
3219778
0253705
0868808
0005494
0913587
0528987
1961693
2294492
0744331
3186064
0005194
0908351
1922561
1647994
0001069
3387525
0534380
0001302
0003494
2261396
2038226
2407903
0834573
3697476
1242668
2253666
0266441
0504962
0000562
0644817
0313464
0001759
2572554
0088023
1497570
0083659
3506828
0634725
1679203
0385722
0550368
0652445
0515753
0005490
3200217
0000803
1591342
0430595
1069180
0751406
1498895
3637437
0712368
0651159
0264579
0051621
0231436
0702572
0532193
1592117
5350882
3119454
1868342
0718254
1150775
2584600
0304065
0283311
1458163
2746781
0925916
2953537
0005152
1349376
0039144
2618541
0002801
3435598
1312535
0570604
2044463
0337053
0486839
0004857
0973729
0005290
3630292
2044920
0786136
0584206
2100657
0781899
1688469
0659601
1127262
0001081
0569337
0001240
0068117
0341421
0608378
5157403
2222378
0666739
0806002
1555040
1987652
0566944
0652663
3743316
0000615
0000481
1360860
0619365
0208962
4972453
0935735
0001152
0138388
3279125
0740400
4536310
0005238
1868102
2766357
1331735
1443740
0790944
4083737
1525948
0479527
0809720
0842884
0158372
2698048
0006669
0342029
1018007
1699370
6418193
1393401
3299784
0063800
0829032
0333911
0001409
3016197
0937869
0719637
0237236
4434461
3706952
2615689
0291694
2298374
2411088
0005387
1794823
0839934
0000442
0541561
1448832
1307760
2769412
4526040
1033193
0155389
1462868
0036553
1586772
0440445
2740656
0005529
0305272
1046845
2337491
0444098
0147310
1641251
0068338
0000346
0668139
0516496
0227657
0292594
0855201
2274783
1561881
1177028
1312105
0589505
0381606
2016685
0000455
0320788
1229748
4680788
1901842
2197593
2548759
0820327
5307554
0651008
0002142
1827352
0224176
0850102
2093546
1065785
0000293
0724744
0580924
0498449
0001187
3773346
0104376
0303009
0000498
1937584
1212051
3949052
0565371
0272601
1898254
1621811
0776040
2512132
0908446
1679802
0930053
1977326
1440863
1119726
0243637
2115545
0971731
0160045
2634819
1842419
0001086
5811827
0186844
0707899
0334159
0668534
0551908
0644022
2487935
1145983
1136674
2086539
0903684
2610032
1421792
2596357
0303010
0000103
1133070
0891224
1701024
4020291
0790688
1043164
0283492
0004854
0170912
0001235
0502015
0661164
0281451
1289281
0005166
0237838
1796057
2061371
2114153
1179677
0481547
1445208
2451445
0352778
3725626
0176981
0829252
0445001
0001139
0355370
2789216
0749303
2500832
1679669
1145057
0004879
0001089
1388699
0085312
1443644
2700631
0870175
1018679
0081572
0041864
0915462
3726887
0013712
0704270
0302704
2543078
0258360
5431622
1476925
0534944
1836923
0001974
4874651
0898595
0911933
0002140
0948000
1715194
1335133
0262374
4114194
0882927
0761587
0021675
0378363
2642277
1524066
1631505
2953628
3262524
1559927
0000585
0697650
0920992
0731075
0001315
0929489
0170642
1092221
0441225
2323939
1076601
1235530
0005509
0992538
0000271
0184691
1044403
1968140
0344435
1591620
3545234
0265569
0512560
2381707
4476887
1925239
0020329
1975949
2225138
1325306
2625538
2368987
0000211
2773075
0024780
0222883
3354583
1488260
0064769
0005311
1313304
3620810
2902567
2733188
0000616
0001127
0751518
3632976
0514662
0000601
1870434
0005214
1146916
0956526
3103119
3090492
4568815
1484214
1703463
0992883
0822474
3066543
1071140
3775423
0504319
0005109
0862962
1006776
1133651
0362473
0000304
0380442
0001480
1391252
0425982
0846480
0535502
0739645
0050629
0000652
1146857
1020176
0740264
0300589
1926655
0193982
0097022
0301083
0647009
0001075
0141613
0194900
1664127
2354433
1617857
0149196
0504832
0005141
0480897
2025880
0000238
0891216
1387582
1172285
1132359
0654110
0348152
0000525
0001054
2363220
1458629
2125623
2186682
0498956
1932586
1054204
1643086
0215281
1861541
1022429
0365755
0507659
2112851
0432657
0007045
3285044
0090545
2185000
0000625
0437727
1130728
1340435
0100556
1144419
2264383
0286790
1932967
1091701
3312712
3123304
1415692
1955504
0741461
0084153
0360736
0581365
1942916
0002100
0357979
1171144
0444621
2470538
3499499
0280055
0000915
0769793
0000663
4990557
1975735
0005476
0005218
0004978
0005209
2525176
0000260
2425775
2118733
1839981
2642892
0000524
2043234
1264048
2197298
3580041
0005543
2522291
3775885
2356456
0339797
2609282
0154226
1509018
3338776
4423549
0807594
0005474
3552376
0000717
0924918
0186761
1206614
1078414
1261587
0061672
2584277
0113158
0816800
1019691
0005165
0015935
2985110
0004518
0134072
3018179
5196965
0609845
0318784
1336595
1542551
1501294
1175188
1682276
2466273
0566052
0035488
3840810
1140998
0724189
0000333
0349688
0863462
0141599
2366079
0759992
3303310
0839730
0284956
1245863
3170830
0005273
0864046
1930711
1027039
0451234
3241009
0891786
2570429
2112374
1266276
2245139
2542861
0004921
1167985
0484678
0004818
0281619
2080933
4739096
0906547
3148203
0173138
0355097
1105708
0722476
2608141
1012967
3432505
0172385
0271657
1086543
1193098
2524307
0005282
0125847
2148025
1396715
0331906
2691837
1015100
3265508
2687923
2676052
0000350
1853974
5287030
0820562
2758480
0046033
2088803
0690754
2789553
5216165
0210218
2244430
1507522
0886083
0599639
0798014
0241983
0343082
0001251
0260224
4164873
1924585
0890073
4478322
0974575
2377216
2819316
0201095
0552222
0186117
0805476
1754059
1829090
0000670
2410811
1597542
0005234
3017222
3795018
1305192
1934199
0567162
0001208
1483339
1391796
1468568
0717564
1075513
3214372
1748388
2378329
0001823
0001242
0342241
2618951
0075359
0005552
0683467
0601376
1173784
2201022
0231458
1929906
0587396
0156461
0821200
0004774
0001263
0045393
1483241
0004801
1248393
0596789
0489476
1054259
1726578
0064015
0768154
2779416
5809867
1354503
0589933
3177270
1347153
2207222
3946610
0000745
0791570
2208749
1955294
0000156
0061106
1573253
3040363
1581440
3333183
0000538
2353862
4527107
4249528
0059654
0809806
0365768
1139761
2212757
0708293
0000893
0001664
0293719
0291205
1674835
1382799
0974080
0000295
1298809
1268748
2686229
1600779
0655585
0000439
4566652
0531101
1501388
1075208
0001281
3094119
0122716
0653660
1210747
2316017
0000147
1047252
0420384
5861947
1082081
4153138
1304328
0455993
2055623
0002800
4223899
4722219
0954622
0002055
0005176
0001267
2180812
0803890
0474361
2595237
0177639
0005115
1659152
0424800
3610351
2054764
0111927
3347235
0220183
0937264
0001493
0365140
0480381
4703025
2788600
0233304
0001802
1219008
0005540
0746414
0048414
1290102
0382791
0092774
0272173
3143506
3613585
0402694
0004137
1428821
0084426
0421332
5164828
3041217
0641354
2287085
2416930
0005187
0004929
1659221
0001828
1390215
1696978
0058983
1638365
1740092
0298281
2554000
2407879
0924154
2467538
0022161
2870406
0828778
0001484
3091396
1227747
2212031
0249525
3576094
2714273
0001835
1382250
5680642
0832314
0744302
2838726
2140860
1348102
1007554
1016428
3724648
1626150
1506908
3388331
0001399
0246612
2410856
0000487
0567653
0857275
0662504
2184568
0907858
1493135
0743671
3666199
0638789
4061809
2423358
0203308
0503060
0842195
3349100
0569927
1754239
0000760
0004861
1736660
2720561
1596656
3801884
1468085
2460933
2415436
1579987
0192377
0371891
0002059
0000637
0918424
2016003
3587383
4557349
0001438
1784926
1812267
3610536
1956452
2581521
0001040
0993458
1191714
4341913
2130586
0822155
0187253
1682420
0376716
1218924
0577329
0062485
0686818
4831424
1642290
0206288
2951768
3041468
5597972
0572721
1947831
1443616
1534125
0006958
1197093
0700664
1985962
0113140
1035423
4422265
4555930
0000651
3018796
1706767
0724460
0000205
1933992
1296783
3439965
0779084
0818055
0938045
1321094
0411857
1720134
0001388
3128061
1167083
0645122
0001614
0685146
0281318
0001387
2358143
2930503
0069109
0005373
0006888
0876138
0141140
0697010
0412238
0889846
0313904
0000961
0005424
0432428
0396852
1423270
3544366
2875403
0186505
5804957
2359000
0581953
1182008
0530308
1068905
1580911
0931958
0842001
0636942
2763829
0003620
2321387
0268380
0253143
1185747
0603413
1217016
0778348
0703939
0910278
1502475
0934362
0816648
0000568
1416900
1977856
0523486
1854922
1799348
3178852
1228731
0005429
0004753
1566429
0663469
0160647
5106460
0148448
1569270
2234564
1745019
1982597
0852957
2360649
0001527
1941140
1337982
1385871
2114318
0000612
1032567
1925057
2959299
2446196
0001840
0226813
0748620
0891254
0935616
0411964
1492093
1045397
0388382
0000571
0124920
2681750
0601553
0005044
1534207
1037178
3885031
2292253
0994323
0001424
0532778
3135079
0382819
0199000
1215600
1886805
0444999
0521753
2123507
2862041
0823693
0019172
0005121
1043094
0382632
0615050
1074355
1035503
0000998
0745484
0364227
0807698
2765472
2619114
3006818
1801063
2362654
2734807
2933163
0946888
0616550
2179180
1408752
0083024
0616475
0788009
1559935
2443416
3180116
1631435
0817027
0454752
2887667
1098565
0710658
2195169
0372961
1890629
3845245
0108295
0565336
0001131
0537721
0142246
1900795
0004996
4674232
0133852
0790715
2479704
1569479
0385029
1685408
0001406
0936403
0000247
0109863
2537138
1880390
1249950
3077316
1432037
1098602
0574534
1011472
1682400
0057150
3748986
0101198
0001667
4787977
0659048
0242759
1715118
0005258
0876375
0056873
0670780
0684877
4705288
0005438
1089338
2326144
2965656
0356021
3085576
2057822
2323285
1292126
0321621
1526352
0001797
4134757
0000656
1601762
0835016
0689708
1591666
0814259
0005213
1745318
0587955
0001305
2107055
1229520
0605513
0001293
1632258
3849008
2266084
4774362
0390229
0000867
3300004
1670029
2955212
3016021
1801912
0211087
0335300
2169233
0141697
0600667
1143016
1645313
0538261
2932097
3060378
5540978
0001810
5266282
3143135
0763650
2797291
0001499
0141853
1435062
0000690
2523661
0000117
0004960
3653572
1261965
1159180
3180237
2264229
1695172
0131235
0003265
6392685
1217515
1478045
0004999
1042825
0651441
3136088
1483247
0094789
2554232
0284551
1296548
0706787
2057726
0001107
0437283
2576356
1309643
3876919
2933395
1200748
0292182
3025400
0000695
0687947
1200730
0311691
0110514
0395097
0688143
2287225
1831466
2854131
1635061
1053961
0945131
2130844
1594313
0451321
1701859
1310137
0001209
3190384
2415415
1775206
5438769
0015913
0001373
3542131
0004757
0001852
0810685
0190931
1143378
0001845
2205345
0861093
0726167
1738454
0003697
0440885
1984458
1312575
0366846
1555255
3891097
5134284
2652120
3216157
0954225
0270194
5961035
1211488
0630865
2491337
0005396
3160752
0177896
6234845
2980899
3287038
0515791
1425385
0558487
0328710
0004838
3444884
0444196
1236459
2457575
2419177
1476628
0001180
2650819
0046337
1526554
3169780
0191442
3545841
0281693
0842324
0272479
0001006
0204322
2204429
0001018
1018521
4533198
1334396
1025616
3094263
0949477
0244707
0391738
0371660
0395777
0005038
1053530
0001794
2574248
0870206
1357218
2274239
4513448
3860376
1146243
0371890
0708903
2357847
0734985
0000438
1080620
0037423
0441592
2685937
0193554
3126458
0267124
1594832
0272324
2840008
0913488
4098557
1299293
3048050
0926327
3788989
1931037
0001780
0004975
2874946
0114371
0164841
0001548
0042805
0005289
3363032
0388933
0630524
2485108
0823873
0116456
0748483
0820903
0386645
1504650
0096988
2466033
3033454
0839933
0059431
0254712
0180094
0809938
0168186
0324658
4013413
0153297
5059998
0304593
2460341
3687570
0715314
0348181
1119462
1518157
2679753
0000596
0771269
3399968
0479999
0000545
1067391
1446934
0881631
1357477
2717182
1495210
2483929
0799706
0302356
0638762
0746737
0001412
1832357
2100778
0189200
1186269
5902240
0001704
0211042
2377237
0085407
0001675
0004880
0049313
0931332
1925806
1463709
1527475
1534715
0631788
3652766
4364670
1074204
5123271
2706124
1308881
0599017
3140568
0725200
0331772
1012010
0005534
2750154
1335961
0001064
0001863
2312345
1004774
0005321
0517059
1813440
0925966
0001569
0914089
3399014
0005519
3550714
0000389
2758355
2545508
2617580
0147022
3241371
0626362
4591670
0168262
0935541
0005300
0359375
0504571
0869918
1883548
2358624
0103785
0796502
1003081
0485807
1587775
4546107
1731680
0105860
2247786
0000296
0000694
1175262
3326745
0970122
0522324
1581335
3960069
0810218
0001942
0179479
0869096
0738452
0316078
2143655
1106415
0000574
2797982
1054247
1103496
2351426
0611827
2019271
0635139
0001943
0556296
2029652
1361364
4090020
5070789
0087726
5475949
0420941
0000457
3677278
0788202
0879891
0273836
0320179
0530249
2150519
0760793
0493171
0004849
0172557
1274203
1527905
0005126
4572322
0480465
0557678
0425756
0005000
1744122
1002979
2176129
0000500
2803556
3004243
0573172
0004912
6166434
1574897
3196368
3489819
1254003
2966102
0007814
0122407
0000446
3355558
1720969
0950331
1112874
2201555
2657185
0005010
0272706
0001756
1265635
0776584
0559993
2034147
2809577
0000552
0484880
1312073
3012064
3774109
0004779
0001938
2924523
0005454
0829855
0716275
0004741
1081016
0835426
0524240
1813088
0630379
0000605
0314754
2060371
0269077
0072435
4683748
0745780
1081113
0004734
0004792
6230258
2636108
0004841
0742389
1930228
2767311
1099760
2961085
0000170
1143861
1814260
0514516
3072529
1837588
0004866
0664175
1370821
0400816
3389267
0010736
0163988
0559879
0005355
1631845
0310966
0991849
2397098
1560274
2306701
0677597
0498517
1254478
1391090
2442289
5569981
0428591
1148918
0709095
5040896
0005063
0540795
0698230
2766144
1256532
2340323
2812116
0429069
0451193
2133243
1691239
0005415
2564185
0001668
1762022
1706881
0662475
1997061
0004712
1315153
3280437
2933542
0621393
0705058
0441085
0107197
1291827
2554082
2506826
0898597
2758930
1497752
0301178
0004716
1336765
0366106
0592923
0005148
4460267
2183803
2837493
2601144
0641097
3158751
0112871
0000902
0004899
1404488
0785227
0524528
0474520
0001096
2443758
2624172
4804343
3150133
0942668
2476500
0139549
2007000
2452520
0336701
0005317
0078925
1343254
2572715
2916014
0001533
0255362
0002029
0438669
2220002
0004840
0001804
2758375
1138105
2522535
0272399
3155377
2278177
0248469
0578853
0646792
1428874
2169749
1865064
0383966
1051221
2206922
2935123
5873163
0268007
0004826
0250659
0510720
0158626
0832531
3428515
1963155
0001111
5971068
0502442
0838595
1982086
2286416
0096184
0200981
0200452
0505949
0785842
0719678
2107620
0297545
0426699
2421181
0642560
0345466
0339460
0491952
5476978
0147312
3841486
0005046
0012081
0363371
0206717
0237124
1444462
0673563
0385293
1263747
0454042
0000622
0247579
1406238
1294108
0726994
4032297
1801116
0512963
0433977
5873274
0308039
0558182
0597450
0190497
1429883
1421588
0006689
1375877
0005302
0001575
1594999
0931090
1207676
2640222
0656211
1086604
4968394
2773149
0362534
1207895
1469820
2606372
0961287
0763873
0571537
0005260
0140090
0202603
0397124
3437260
0810103
1485074
0199823
4265429
0694765
4166787
5725535
1195855
0005080
0653952
0868330
0605775
0110168
1559338
2900622
1905016
1310709
4495217
4891959
1102140
0000532
2155525
1542869
1140952
1678587
0812954
0482320
0763960
3121907
0424684
3747326
2032098
1862253
2381885
0316079
1001233
0103195
0827170
0201094
0531827
1150821
3478560
0682495
1569714
4858020
3811523
2267725
0005036
0199312
3069800
2895066
0397194
3196637
0001462
2338912
1190859
1045049
0694405
0399170
1450877
0816876
0112379
0105226
0000363
0141710
0641389
3127187
0135585
1842439
0152638
2765697
0909578
0005026
0615312
1531832
1808008
0359623
0000554
0495115
0004751
2775830
4268157
0005232
3363696
0994553
0225269
0000613
1679534
0359577
1898746
2722630
0790264
0502342
0240147
0005231
0523116
1557614
0110803
0005057
1938755
0098378
1172442
0000595
3096796
1980448
1484804
4025482
0000688
2368180
0251678
2166432
0467664
2474692
2172589
1081836
1146884
0063571
0715104
0744713
2366492
0344603
0120410
4273026
2434696
1878024
0605079
0188266
4488042
2206710
0186915
0403134
4086622
0487254
2821660
2588665
4418099
3864922
0591703
0694796
1970465
0004819
3434452
0663854
1500155
1080835
0876101
0528914
0003115
2534360
1690632
0004782
0536883
0571727
0089456
2325861
0916471
1555489
1944055
0605081
1214657
0043041
2652716
2182241
0001053
0001469
0001346
0818111
0352230
2639722
0924210
0788335
1069803
2667184
1236842
1490300
0947044
0187719
0082909
0132843
0237849
0001337
1391062
5423912
1062506
0355024
0654648
4039514
0001170
2094023
1728948
2983851
4682545
0829576
0286033
2793783
2811817
1288173
0000665
0001126
0228055
2984743
0010611
0546640
0381043
1155450
2598945
3617800
3875952
1893735
0220010
2045487
1549838
0112085
2775119
0003078
0722632
0888496
0256237
0111274
1869101
1168657
1959505
0770005
0031378
1711829
0597546
2397459
0080524
1177614
2679438
1355362
1851126
0810083
0004985
1010691
5096181
2578291
1728201
6266630
0004727
0625796
0540441
1249883
0829134
0612621
0511088
0004303
3208606
0115010
6432391
0416449
4183917
0840430
1068991
0707476
0001049
0399088
0000648
0046541
1401531
0020264
0539137
1966660
2038170
0808156
0000144
0005168
1758989
0230032
0549505
2740213
0768614
0940158
3017782
0001326
0329481
0209815
0000486
0205772
0235888
1628115
2023000
3222942
3400424
0756022
1708928
1440764
2772523
0192947
1641089
1837701
2893046
3163249
0424253
1146910
1796851
3317479
0741672
3078459
2831164
2315359
0615025
2302117
2046329
0532461
2591886
2468963
1161994
4872819
2143282
4049315
2200632
3198494
0404693
0000321
0004056
3819588
0446175
0247040
2057557
3382024
0303013
0002043
1490516
2085144
1404824
3046990
0193295
0947447
0001722
0041281
1132273
0055003
3150050
0005416
0237711
1442928
0682170
0631490
3385086
3027110
1169428
0126004
3203733
1429380
0000903
0172472
1114898
0441287
0271165
6062003
1019884
0005158
0888727
0476201
0000169
1963477
0386215
3333557
1237541
2725201
1999597
0000145
0226986
3828984
0636991
0727176
0961547
6189742
0182666
1373094
0004812
0547800
3732895
0710447
1190376
1941211
1192166
0036651
0466349
3220245
0535014
2706863
3101039
2084321
0386472
2618724
1489037
1302735
1415323
2492819
0002956
3726614
1411770
0001519
2582484
1131626
0110689
0005366
0000352
1854386
1581670
1909374
1997902
0640744
0043704
0372366
0452914
0748189
1943895
0000275
3896074
0627624
2788212
2157442
1785266
0852753
2321925
0087104
0004980
4358560
0001084
0289611
0000954
3129791
0992562
4436641
2116006
2100755
0724757
1122614
3614131
0692677
2707511
1827571
0204794
0946148
1324959
0641939
1432956
2168166
3556021
1796216
0247143
1965417
3897694
0000691
2761710
2500339
0328709
1796676
1750524
1794270
1827939
1086384
1630927
0000422
0640660
0001176
1845037
0191310
1204760
0858686
1142776
2948913
0727165
0422385
1919140
0001688
0005170
0000609
1776088
0811435
1373056
0412468
1936361
0931227
2030779
0440229
1068565
1712438
1329794
3510471
0821739
0002102
1144458
0532928
0718645
0135584
0000460
0024173
1729162
0085494
1920902
1868369
2230865
1754593
0000657
3285198
3185569
1513736
1170124
2990425
3090925
1540404
0052037
1259068
1532404
0587431
1377184
0598566
0511721
2127395
0712550
0378112
2095931
1212722
1899494
0767445
0004748
2640887
1591894
0330380
0527945
2118807
1090271
0005439
0722269
1457069
2666409
2070099
1887429
0378245
0074477
0414481
2933757
0191688
2809337
1443238
1643380
1138219
1252435
4114445
3685063
0381035
0654104
1851981
0627995
2628416
2447999
1165110
0178581
2414411
0853169
2620034
3909894
0758597
0541141
1673908
0836432
1336552
4187510
1330560
2008962
1733488
2071296
0838000
4525233
0004883
2732067
4748456
0640669
3040011
1194171
0001790
3299998
4045867
0513964
3001222
0316318
0004911
0213374
1372713
0862295
0558950
1794268
1864842
1893123
0338292
0291364
3974065
0518579
4658287
0364117
0915465
0001728
0940504
2730808
1386659
0604955
1795630
3610998
0001711
3556158
2342088
0553436
1659547
4578203
0005016
0515453
1523899
0189220
2584288
0061223
4866928
0438463
0691547
0257598
0004721
0450857
0829697
0196117
1072657
0125533
0763643
0381723
0827663
1108838
2374363
2781377
3317445
1525011
0036283
1999952
3476654
6212900
0006142
0811124
0328806
2691892
0002127
1336973
2546012
0672103
0214299
3125601
0878908
2102207
1020089
2882814
1996918
0662391
0001265
0002067
0492932
1199107
3475389
0001746
3925786
1218360
3742969
0958520
0326988
0005191
0507338
3116690
0521974
1257092
2069547
3599667
5211815
2492168
0804670
1860413
2452327
1115889
0006395
1561561
1717152
0000550
0001783
2344269
0427964
0002088
1497668
0193046
0005095
1670773
0034365
0001650
0858525
3515381
1360270
0005428
3089283
4356583
0068187
3208215
2628561
0129295
0949810
0077074
3079277
1711263
3167372
0468772
1355813
4204960
0130623
0701561
0500200
2002649
1091782
1490275
2362068
0346411
0307531
1419780
0624599
2744552
1974920
0226820
0170186
0680838
2279869
0492220
0001108
1513409
3377042
0122741
1466859
0144843
0333804
2480827
0541909
0372176
0890808
0132301
0733541
0543316
0745257
2451793
0316795
1526223
0175633
1212490
0430829
0625334
3057402
0107714
1870939
5681403
2020853
1731421
0164809
0075788
1519666
1974875
0048932
0004761
3080074
0348409
0004893
0321325
2804580
0601041
0000592
2273818
1378320
1732981
0891641
2818553
0033422
3978373
0240797
0701747
2160896
2894092
3482213
1245800
2604149
2008435
0766992
1317000
0641610
1377001
0001971
5617665
1168174
1837723
0820783
0264269
1107178
0594924
1197438
2046874
0661910
0002023
3382715
0619406
1555161
0374757
2740063
1737392
0633604
1235585
1970481
0482851
0001670
0381524
0523350
2784795
0000168
2235079
1323562
1589312
1830388
3844924
3848020
2057859
1291227
0834380
1259832
3078850
3366058
0469823
4313845
1221906
0318744
0702296
5121337
0797464
0525572
2783114
0653293
2310307
1956478
1884645
3456797
0265975
0576088
1145177
1345123
1594770
0376260
0649101
2371152
0005556
2196388
0001817
2444133
0095017
2064928
1410276
2114006
0000437
0177970
0005353
1240908
1415284
0852569
1908742
0936300
3310211
2536723
3633758
1151096
1179678
0035609
0582462
2248149
1650932
0676973
1237088
0922064
1390614
0842332
1670137
2405736
0118617
1571396
1489359
0005294
0005129
4751000
0412872
0189524
1038067
2500963
0354157
2213461
0001578
0031077
1767737
3628491
0646440
0650702
2583654
0005464
1015262
0001431
2259318
0005221
1089991
1209950
1419440
2341193
0001694
0001295
1975142
3024995
0000880
2679917
0000121
1847117
0193691
0000444
2760407
2724927
3341112
3375229
0005023
3073670
1235280
2556057
1878206
1037510
0091899
3087728
2010886
3357905
0007018
2348808
2288842
0652783
0249046
2732030
1076294
0097504
0116254
0004735
0172604
0958969
3794974
2129662
0002773
0005029
5178348
3274388
2047055
2007030
0710243
1533927
1452105
4396550
0831921
1340638
0014605
0000707
2946800
4435720
0235006
2974788
0240043
1469323
1218053
1495350
1371174
0014960
0213354
4879650
0502671
0609182
3459751
3126001
0719321
1297428
1669944
1712323
0852466
1680142
0070594
2205683
0435695
5280381
0142746
0000800
1638294
0742772
0619549
0472891
0001562
0026460
0000426
0621726
0004956
0274371
2731980
0004894
2945096
0001046
2942417
4571330
0891275
0634240
1206855
0695435
1358539
0000693
2837036
2059917
1872698
2550796
0242756
0271915
1093951
0100793
1013239
2158772
0759350
0118682
1599744
0652514
0204924
3191505
0727353
0026447
1588066
3961109
0775455
3384931
0791723
0641854
2340248
3800780
1273708
1404235
0001223
0105672
0005547
0000950
4939017
0494069
0918858
4134911
0259433
0729040
0860380
3598625
1138242
1935292
0020739
0219208
0192505
3435752
4550086
2850933
0001582
2720650
0593664
2186988
2002699
1269723
0726939
0071847
3473527
2374829
1698522
0000202
0005581
1176985
0185078
3083664
1376654
6219361
0353546
0763395
1228007
3072349
0086205
1783208
1968730
1441925
0005537
4013659
0000642
3998859
1195622
0000943
2883948
0428121
1479022
0039148
3371502
1067297
0646871
2177289
2835957
1600768
0636426
1022732
0929931
1943668
2834049
2905729
2180154
0854418
1701077
4823546
0811027
0255309
0004645
0158966
0529130
0810653
2554046
2762898
1601061
2934314
0004729
1941475
3142219
0452288
0878597
1122026
1957226
2264243
1130176
3504430
3082409
4164659
1123709
4315795
1287507
1490362
0255373
3220578
1036524
0418683
0000838
2398956
1470268
0721216
1847089
1101910
4832920
0001774
0005151
2507757
3295292
2325502
3887651
3132111
4872706
1104821
0448317
1344103
0167776
0657357
1258970
0636694
0347465
0772704
2831386
0836232
0023885
1719342
3330402
0509263
0194885
0534772
3725828
0000986
2740054
0360515
2835835
0202966
0194516
0092677
0001556
0394889
0712826
0724657
2404313
1269155
0741048
0718647
0537567
1938686
0310430
0821325
0657734
1423955
0000307
2252255
0001457
1501262
1668265
2407968
4746337
0005255
1814067
0422205
0506405
0000482
0465643
0000555
1438520
1034625
0578080
0197855
2952107
0124964
0199590
2925389
0531808
0202970
5136263
2016723
0527109
0058029
0252961
1102053
0919991
0212832
0002077
0000282
2472166
1367819
0815418
6249350
0105876
0117022
0073678
1621705
1291934
0001138
2013708
0462712
0896680
1645304
0752398
0863599
2185009
0423975
0753769
0000952
1683768
0004871
2649407
1399877
3124220
0432040
0005271
0501937
0957772
0839486
0421822
2338470
4869921
1028991
0707248
1395532
1815588
3237024
1564771
0001099
4513469
4529293
1785339
0429114
0370361
1443609
0318703
2449480
0919363
1671147
0363736
0023832
0092216
0520510
0711805
0641972
0176428
0258784
2048753
0212772
0000533
0318694
1034386
0005002
0000198
1567113
0821612
1111921
0005060
2395937
1036181
2773352
1741002
0000317
1939221
0665114
0283945
0747114
1001446
0000929
0000408
0907548
1950996
2210752
1340697
0864037
0052186
0578899
2425010
0002003
0443577
1208167
1486831
2163736
3777870
0425287
0791642
2965415
0724124
1812656
0455767
1063542
1369375
0103971
0951148
0249550
3785503
0248660
0808376
1374033
3387844
1982510
0327764
1466049
0005376
1564072
1738172
0001168
4442319
2397348
5162684
1417948
1226817
0836121
1235366
2051265
0397712
3432141
1017951
1675336
4535518
3902369
0008543
1324105
2692146
1592225
0865587
1535423
1192866
0691600
0462673
0142145
0420982
0468859
0210584
0551346
0461543
0047248
0704590
2554990
3151489
0005042
0361283
0227888
0760796
2911850
3779137
0000240
0835725
4933278
0931404
2473076
1738378
0847727
0643234
1728824
0661825
1787397
0196325
0091773
4292045
1489950
1227814
0496934
0819782
0330687
0004719
0120648
0990542
3818748
1293475
1187903
1018488
3240008
2180792
3236759
1920131
0001589
0876958
0000473
5308070
0487884
1579577
4481235
4197678
2583725
0134647
0005308
1683094
0000385
1792864
1367048
2911791
0579728
0314524
0191786
1963091
3812858
5072416
1353018
0462094
3912910
0875810
1211910
0614141
0580063
0844172
0000700
0365300
1876221
0661755
1199811
0005312
1821410
0319826
1071898
0005059
0452962
3122006
0018176
0004906
3688509
0623413
/var/spool/slurmd/job6691470/slurm_script: line 6: deactivate: No such file or directory
