/var/spool/slurmd/job6691142/slurm_script: line 4: activate: No such file or directory
/lustre2/0/wsdarts/datasets/test/
n000014
0024_01.jpg
0090_01.jpg
0156_01.jpg
0061_01.jpg
0130_30.jpg
0140_01.jpg
0038_01.jpg
0127_01.jpg
0130_13.jpg
0103_01.jpg
0023_01.jpg
0163_01.jpg
0111_01.jpg
0258_01.jpg
0123_01.jpg
0244_03.jpg
0044_01.jpg
0130_32.jpg
0278_01.jpg
0154_01.jpg
0192_01.jpg
0211_01.jpg
0070_01.jpg
0036_01.jpg
0161_01.jpg
0135_01.jpg
0034_01.jpg
0287_01.jpg
0081_01.jpg
0048_01.jpg
0106_01.jpg
0076_01.jpg
0098_02.jpg
0130_20.jpg
0114_01.jpg
0071_01.jpg
0272_01.jpg
0199_01.jpg
0119_01.jpg
0289_02.jpg
0053_01.jpg
0031_01.jpg
0055_01.jpg
0025_01.jpg
0094_01.jpg
0247_01.jpg
0113_01.jpg
0193_01.jpg
0075_01.jpg
0033_01.jpg
0062_01.jpg
0037_01.jpg
0027_01.jpg
0215_01.jpg
0232_02.jpg
0138_01.jpg
0120_01.jpg
0220_01.jpg
0139_02.jpg
0130_14.jpg
0238_01.jpg
0149_01.jpg
0189_01.jpg
0152_01.jpg
0060_01.jpg
0051_01.jpg
0194_01.jpg
0283_01.jpg
0115_01.jpg
0107_01.jpg
0130_19.jpg
0042_01.jpg
0130_25.jpg
0225_01.jpg
0213_01.jpg
0130_31.jpg
0172_01.jpg
0244_02.jpg
0274_01.jpg
0167_01.jpg
0080_01.jpg
0045_01.jpg
0280_01.jpg
0108_01.jpg
0130_28.jpg
0124_01.jpg
0216_01.jpg
0130_16.jpg
0130_02.jpg
0168_01.jpg
0112_01.jpg
0079_01.jpg
0098_04.jpg
0096_01.jpg
0271_01.jpg
0054_01.jpg
0162_01.jpg
0133_01.jpg
0209_01.jpg
0092_01.jpg
0268_01.jpg
0158_01.jpg
0157_01.jpg
0205_01.jpg
0099_01.jpg
0128_01.jpg
0089_01.jpg
0066_01.jpg
0069_01.jpg
0018_01.jpg
0207_01.jpg
0084_01.jpg
0246_01.jpg
0267_01.jpg
0059_01.jpg
0143_01.jpg
0130_08.jpg
0270_01.jpg
0072_01.jpg
0117_01.jpg
0228_01.jpg
0201_01.jpg
0104_01.jpg
0181_02.jpg
0164_01.jpg
0086_01.jpg
0214_01.jpg
0195_01.jpg
0030_01.jpg
0186_01.jpg
0130_09.jpg
0173_01.jpg
0032_01.jpg
0116_01.jpg
0217_01.jpg
0130_22.jpg
0169_01.jpg
0177_01.jpg
0183_01.jpg
0046_01.jpg
0155_01.jpg
0022_01.jpg
0257_01.jpg
0239_01.jpg
0056_01.jpg
0077_01.jpg
0259_01.jpg
0202_01.jpg
0174_01.jpg
0041_01.jpg
0083_01.jpg
0057_01.jpg
0279_01.jpg
0212_01.jpg
0047_01.jpg
0064_02.jpg
0020_01.jpg
0085_01.jpg
0231_01.jpg
0130_26.jpg
0276_01.jpg
0130_03.jpg
0100_01.jpg
0105_01.jpg
0068_01.jpg
0182_01.jpg
0021_01.jpg
0087_01.jpg
0110_01.jpg
0159_01.jpg
0242_01.jpg
0142_01.jpg
0244_01.jpg
0097_01.jpg
0200_01.jpg
0197_01.jpg
0237_01.jpg
0147_01.jpg
0125_01.jpg
0153_01.jpg
0160_01.jpg
0188_01.jpg
0093_01.jpg
0067_06.jpg
0262_01.jpg
0245_01.jpg
0144_01.jpg
0145_01.jpg
0191_01.jpg
0179_01.jpg
0281_02.jpg
0052_01.jpg
0130_24.jpg
0208_01.jpg
0040_01.jpg
0035_01.jpg
0130_33.jpg
0137_01.jpg
0136_01.jpg
0050_01.jpg
0028_01.jpg
0130_18.jpg
0098_01.jpg
0063_01.jpg
0198_01.jpg
0017_01.jpg
0130_34.jpg
0043_02.jpg
0122_01.jpg
0082_01.jpg
0102_01.jpg
0088_01.jpg
0129_01.jpg
0255_01.jpg
0180_01.jpg
0134_01.jpg
0130_15.jpg
0150_01.jpg
0130_12.jpg
0243_01.jpg
0058_01.jpg
0166_01.jpg
0263_01.jpg
0065_01.jpg
0098_03.jpg
0190_01.jpg
0130_36.jpg
0233_01.jpg
0185_01.jpg
0130_10.jpg
0126_01.jpg
0130_21.jpg
0223_01.jpg
0039_01.jpg
0222_01.jpg
0236_01.jpg
0252_01.jpg
0130_35.jpg
0019_02.jpg
0141_01.jpg
0101_01.jpg
0049_01.jpg
0130_06.jpg
0241_01.jpg
0074_01.jpg
0130_17.jpg
0095_01.jpg
0235_01.jpg
0026_01.jpg
0206_01.jpg
0170_01.jpg
0109_01.jpg
0187_01.jpg
0165_01.jpg
0121_01.jpg
0273_02.jpg
0203_01.jpg
0131_01.jpg
0130_07.jpg
0264_01.jpg
0029_01.jpg
0091_01.jpg
0178_01.jpg
0251_01.jpg
0175_01.jpg
0073_01.jpg
0132_01.jpg
0148_01.jpg
0118_01.jpg
0253_01.jpg
0196_01.jpg
0078_01.jpg
/lustre2/0/wsdarts/datasets/test/n000014.pid
n000015.pid
n000015
0001_01.jpg
0009_01.jpg
0016_01.jpg
0012_01.jpg
0014_01.jpg
0008_01.jpg
0015_01.jpg
0006_01.jpg
0010_01.jpg
0007_03.jpg
0013_01.jpg
0003_01.jpg
0004_01.jpg
0002_01.jpg
0005_01.jpg
0011_01.jpg
/lustre2/0/wsdarts/datasets/test/n000015.pid
n000014.pid
/var/spool/slurmd/job6691142/slurm_script: line 6: deactivate: No such file or directory
